#
# A fatal error has been detected by the Java Runtime Environment:
#
#  EXCEPTION_ACCESS_VIOLATION (0xc0000005) at pc=0x000000007322c750, pid=20776, tid=17976
#
# JRE version: 6.0_17-b04
# Java VM: Java HotSpot(TM) 64-Bit Server VM (14.3-b01 mixed mode windows-amd64 )
# Problematic frame:
# C  0x000000007322c750
#
# If you would like to submit a bug report, please visit:
#   http://java.sun.com/webapps/bugreport/crash.jsp
# The crash happened outside the Java Virtual Machine in native code.
# See problematic frame for where to report the bug.
#

---------------  T H R E A D  ---------------

Current thread (0x00000000567b6000):  JavaThread "AWT-EventQueue-0" [_thread_in_native, id=17976, stack(0x00000000251f0000,0x0000000025270000)]

siginfo: ExceptionCode=0xc0000005, reading address 0x0000000000000008

Registers:
EAX=0x000000000000000d, EBX=0x00000000567b61b8, ECX=0x0000000000000000, EDX=0x0000000053012bab
ESP=0x000000002526dab8, EBP=0x00000000693b8b70, ESI=0x00000000567b61b8, EDI=0x000000006b73e410
EIP=0x000000007322c750, EFLAGS=0x0000000000010202

Top of Stack: (sp=0x000000002526dab8)
0x000000002526dab8:   00000000731d589c 0000000000000000
0x000000002526dac8:   00000000567b61b8 00000000693b8b70
0x000000002526dad8:   00000000567b61b8 000000000000000c
0x000000002526dae8:   00000000567b61b8 000000002e76b480
0x000000002526daf8:   00000000731b3810 00000000567b61b8
0x000000002526db08:   000000002526e1d8 000000002526e250
0x000000002526db18:   00000000693b8b70 00000000344e3810
0x000000002526db28:   00000000731d2151 0000000000000001
0x000000002526db38:   000000002526e248 000000003e7550c0
0x000000002526db48:   000000002526e250 000002d200000000
0x000000002526db58:   000002e400000542 0000000000000007
0x000000002526db68:   000000040000000c 000000000000000a
0x000000002526db78:   0000000000000000 000000003448abc0
0x000000002526db88:   0000000000000000 0000000034d826f0
0x000000002526db98:   000000003e2043a0 0000000034d828a0
0x000000002526dba8:   000000002526db08 000000003e754740 

Instructions: (pc=0x000000007322c750)
0x000000007322c740:   48 8b 41 08 48 8b 80 18 0c 00 00 c3 cc cc cc cc
0x000000007322c750:   48 8b 49 08 48 85 c9 74 05 e9 72 f6 fd ff 33 c0 


Stack: [0x00000000251f0000,0x0000000025270000],  sp=0x000000002526dab8,  free space=502k
Native frames: (J=compiled Java code, j=interpreted, Vv=VM code, C=native code)
C  0x000000007322c750

Java frames: (J=compiled Java code, j=interpreted, Vv=VM code)
j  sun.java2d.windows.GDIBlitLoops.nativeBlit(Lsun/java2d/SurfaceData;Lsun/java2d/SurfaceData;Lsun/java2d/pipe/Region;IIIIIIIIIZ)V+0
j  sun.java2d.windows.GDIBlitLoops.Blit(Lsun/java2d/SurfaceData;Lsun/java2d/SurfaceData;Ljava/awt/Composite;Lsun/java2d/pipe/Region;IIIIII)V+33
J  sun.java2d.pipe.DrawImage.renderImageCopy(Lsun/java2d/SunGraphics2D;Ljava/awt/Image;Ljava/awt/Color;IIIIII)Z
j  sun.java2d.pipe.DrawImage.copyImage(Lsun/java2d/SunGraphics2D;Ljava/awt/Image;IIIIIILjava/awt/Color;)Z+33
j  sun.java2d.pipe.DrawImage.copyImage(Lsun/java2d/SunGraphics2D;Ljava/awt/Image;IIIIIILjava/awt/Color;Ljava/awt/image/ImageObserver;)Z+23
j  sun.java2d.pipe.ValidatePipe.copyImage(Lsun/java2d/SunGraphics2D;Ljava/awt/Image;IIIIIILjava/awt/Color;Ljava/awt/image/ImageObserver;)Z+29
j  sun.java2d.SunGraphics2D.copyImage(Ljava/awt/Image;IIIIIILjava/awt/Color;Ljava/awt/image/ImageObserver;)Z+20
j  sun.java2d.SunGraphics2D.drawImage(Ljava/awt/Image;IIIIIIIILjava/awt/Color;Ljava/awt/image/ImageObserver;)Z+154
J  java.awt.Component$BltBufferStrategy.showSubRegion(IIII)V
j  java.awt.Component$BltSubRegionBufferStrategy.show(IIII)V+6
j  javax.swing.BufferStrategyPaintManager.flushAccumulatedRegion()Z+48
j  javax.swing.BufferStrategyPaintManager.endPaint()V+84
j  javax.swing.RepaintManager.endPaint()V+47
J  javax.swing.JComponent.paint(Ljava/awt/Graphics;)V
j  java.awt.GraphicsCallback$PaintCallback.run(Ljava/awt/Component;Ljava/awt/Graphics;)V+2
j  sun.awt.SunGraphicsCallback.runOneComponent(Ljava/awt/Component;Ljava/awt/Rectangle;Ljava/awt/Graphics;Ljava/awt/Shape;I)V+155
j  sun.awt.SunGraphicsCallback.runComponents([Ljava/awt/Component;Ljava/awt/Graphics;I)V+104
j  java.awt.Container.paint(Ljava/awt/Graphics;)V+73
J  javax.swing.RepaintManager.paintDirtyRegions(Ljava/util/Map;)V
j  javax.swing.RepaintManager.paintDirtyRegions()V+46
j  javax.swing.RepaintManager.seqPaintDirtyRegions()V+73
j  javax.swing.SystemEventQueueUtilities$ComponentWorkRequest.run()V+36
J  java.awt.EventDispatchThread.pumpOneEventForFilters(I)Z
J  java.awt.EventDispatchThread.pumpEventsForFilter(ILjava/awt/Conditional;Ljava/awt/EventFilter;)V
j  java.awt.EventDispatchThread.pumpEventsForHierarchy(ILjava/awt/Conditional;Ljava/awt/Component;)V+11
j  java.awt.EventDispatchThread.pumpEvents(ILjava/awt/Conditional;)V+4
j  java.awt.EventDispatchThread.pumpEvents(Ljava/awt/Conditional;)V+3
j  java.awt.EventDispatchThread.run()V+9
v  ~StubRoutines::call_stub

---------------  P R O C E S S  ---------------

Java Threads: ( => current thread )
  0x00000000567bf800 JavaThread "Timer-1263" [_thread_blocked, id=18024, stack(0x0000000028540000,0x00000000285c0000)]
  0x00000000567c1800 JavaThread "RequestQueue for GenericFileList" [_thread_blocked, id=16300, stack(0x0000000025310000,0x0000000025390000)]
  0x00000000569e7800 JavaThread "Code Analyzer updating thread" [_thread_blocked, id=17900, stack(0x000000005ea10000,0x000000005ea90000)]
  0x000000006b733800 JavaThread "pool-5-thread-1" [_thread_blocked, id=15060, stack(0x0000000060480000,0x0000000060500000)]
  0x00000000567bb000 JavaThread "Foxtrot Single Worker Thread #1" daemon [_thread_blocked, id=10196, stack(0x0000000029240000,0x00000000292c0000)]
  0x00000000569ea000 JavaThread "Code Analyzer updating thread" [_thread_blocked, id=17916, stack(0x0000000060160000,0x00000000601e0000)]
  0x00000000569ed800 JavaThread "Code Analyzer updating thread" [_thread_blocked, id=13508, stack(0x0000000025c50000,0x0000000025cd0000)]
  0x00000000569ec000 JavaThread "Code Analyzer updating thread" [_thread_blocked, id=19100, stack(0x000000005edb0000,0x000000005ee30000)]
  0x00000000569eb000 JavaThread "Code Analyzer updating thread" [_thread_blocked, id=9952, stack(0x00000000605b0000,0x0000000060630000)]
  0x00000000569e8800 JavaThread "Code Analyzer updating thread" [_thread_blocked, id=14980, stack(0x00000000600e0000,0x0000000060160000)]
  0x00000000567be800 JavaThread "Active Reference Queue Daemon" daemon [_thread_blocked, id=20136, stack(0x000000005e880000,0x000000005e900000)]
  0x00000000567be000 JavaThread "Timer-8" daemon [_thread_blocked, id=14508, stack(0x000000005e650000,0x000000005e6d0000)]
  0x00000000567bb800 JavaThread "Timer-7" daemon [_thread_blocked, id=20960, stack(0x00000000520a0000,0x0000000052120000)]
  0x00000000567ba800 JavaThread "Prefs Updater" daemon [_thread_blocked, id=12900, stack(0x000000005e7d0000,0x000000005e850000)]
  0x00000000567b7800 JavaThread "Timer-1" [_thread_blocked, id=15000, stack(0x0000000044850000,0x00000000448d0000)]
  0x00000000567b9800 JavaThread "FelixPackageAdmin" daemon [_thread_blocked, id=15148, stack(0x000000005e4a0000,0x000000005e520000)]
  0x00000000567b9000 JavaThread "FelixStartLevel" daemon [_thread_blocked, id=11768, stack(0x00000000515f0000,0x0000000051670000)]
  0x00000000567b8000 JavaThread "FelixDispatchQueue" daemon [_thread_blocked, id=13264, stack(0x00000000489d0000,0x0000000048a50000)]
  0x00000000567b6800 JavaThread "TimerQueue" daemon [_thread_blocked, id=4116, stack(0x000000000faa0000,0x000000000fb20000)]
=>0x00000000567b6000 JavaThread "AWT-EventQueue-0" [_thread_in_native, id=17976, stack(0x00000000251f0000,0x0000000025270000)]
  0x00000000567b4800 JavaThread "com.google.common.base.internal.Finalizer" daemon [_thread_blocked, id=15740, stack(0x000000001cff0000,0x000000001d070000)]
  0x00000000567b4000 JavaThread "AWT-Shutdown" [_thread_blocked, id=21184, stack(0x000000000fd20000,0x000000000fda0000)]
  0x00000000567b2800 JavaThread "AWT-Windows" daemon [_thread_in_native, id=4376, stack(0x000000000fc20000,0x000000000fca0000)]
  0x00000000566a0000 JavaThread "Java2D Disposer" daemon [_thread_blocked, id=15768, stack(0x000000000fb50000,0x000000000fbd0000)]
  0x000000000ecf9800 JavaThread "Timer-0" [_thread_blocked, id=8936, stack(0x000000000ee50000,0x000000000eed0000)]
  0x000000000ecaf800 JavaThread "JMI Unnamed Thread" [_thread_in_native, id=17604, stack(0x0000000010f40000,0x0000000014f40000)]
  0x000000000ec85000 JavaThread "Low Memory Detector" daemon [_thread_blocked, id=9924, stack(0x00000000095a0000,0x0000000009620000)]
  0x000000000ec7f800 JavaThread "CompilerThread1" daemon [_thread_blocked, id=8720, stack(0x00000000608c0000,0x00000000648c0000)]
  0x000000000ec73800 JavaThread "CompilerThread0" daemon [_thread_blocked, id=1484, stack(0x00000000594b0000,0x000000005d4b0000)]
  0x000000000ec73000 JavaThread "Attach Listener" daemon [_thread_blocked, id=9968, stack(0x000000000ea80000,0x000000000eb00000)]
  0x000000000652a800 JavaThread "Finalizer" daemon [_thread_blocked, id=14432, stack(0x00000000094f0000,0x0000000009570000)]
  0x000000000ec15800 JavaThread "Reference Handler" daemon [_thread_blocked, id=11268, stack(0x000000000e9b0000,0x000000000ea30000)]
  0x000000000642e800 JavaThread "main" [_thread_in_native, id=7424, stack(0x0000000000130000,0x0000000004130000)]

Other Threads:
  0x000000000ec12000 VMThread [stack: 0x00000000522b0000,0x00000000562b0000] [id=20256]
  0x000000000ecb4000 WatcherThread [stack: 0x0000000064d70000,0x0000000068d70000] [id=11672]

VM state:not at safepoint (normal execution)

VM Mutex/Monitor currently owned by a thread: None

Heap
 PSYoungGen      total 36800K, used 17963K [0x000000003d620000, 0x00000000405c0000, 0x0000000040720000)
  eden space 36480K, 48% used [0x000000003d620000,0x000000003e75f510,0x000000003f9c0000)
  from space 320K, 94% used [0x0000000040530000,0x000000004057b850,0x0000000040580000)
  to   space 256K, 0% used [0x0000000040580000,0x0000000040580000,0x00000000405c0000)
 PSOldGen        total 150528K, used 114826K [0x0000000034320000, 0x000000003d620000, 0x000000003d620000)
  object space 150528K, 76% used [0x0000000034320000,0x000000003b342a40,0x000000003d620000)
 PSPermGen       total 105152K, used 64480K [0x000000002c320000, 0x00000000329d0000, 0x0000000034320000)
  object space 105152K, 61% used [0x000000002c320000,0x00000000302180e0,0x00000000329d0000)

Dynamic libraries:
0x000000013ff00000 - 0x000000013ff29000 	C:\Program Files\MATLAB\R2011b\bin\win64\MATLAB.exe
0x0000000077810000 - 0x00000000779b9000 	C:\Windows\SYSTEM32\ntdll.dll
0x00000000775f0000 - 0x000000007770f000 	C:\Windows\system32\kernel32.dll
0x000007fefd940000 - 0x000007fefd9ab000 	C:\Windows\system32\KERNELBASE.dll
0x0000000064d00000 - 0x0000000064d3f000 	C:\Program Files\AVAST Software\Avast\snxhk64.dll
0x0000000074460000 - 0x0000000074563000 	C:\Program Files\MATLAB\R2011b\bin\win64\libut.dll
0x00000000758a0000 - 0x0000000075944000 	C:\Program Files\MATLAB\R2011b\bin\win64\libmwi18n.dll
0x0000000180000000 - 0x000000018000b000 	C:\Program Files\MATLAB\R2011b\bin\win64\libmwresource_core.dll
0x000000006e6c0000 - 0x000000006e793000 	C:\Windows\WinSxS\amd64_microsoft.vc90.crt_1fc8b3b9a1e18e3b_9.0.30729.6161_none_08e61857a83bc251\MSVCP90.dll
0x000000006e610000 - 0x000000006e6b3000 	C:\Windows\WinSxS\amd64_microsoft.vc90.crt_1fc8b3b9a1e18e3b_9.0.30729.6161_none_08e61857a83bc251\MSVCR90.dll
0x000000007a170000 - 0x000000007a19c000 	C:\Program Files\MATLAB\R2011b\bin\win64\boost_filesystem-vc90-mt-1_44.dll
0x000000007a560000 - 0x000000007a569000 	C:\Program Files\MATLAB\R2011b\bin\win64\boost_system-vc90-mt-1_44.dll
0x000007fefdcd0000 - 0x000007fefddab000 	C:\Windows\system32\ADVAPI32.dll
0x000007fefdfb0000 - 0x000007fefe04f000 	C:\Windows\system32\msvcrt.dll
0x000007fefec90000 - 0x000007fefecaf000 	C:\Windows\SYSTEM32\sechost.dll
0x000007fefeae0000 - 0x000007fefec0d000 	C:\Windows\system32\RPCRT4.dll
0x000000007a010000 - 0x000000007a035000 	C:\Program Files\MATLAB\R2011b\bin\win64\LIBEXPAT.dll
0x0000000077ba0000 - 0x0000000077d91000 	C:\Program Files\MATLAB\R2011b\bin\win64\icuin44.dll
0x00000000739b0000 - 0x0000000073b21000 	C:\Program Files\MATLAB\R2011b\bin\win64\icuuc44.dll
0x0000000010000000 - 0x0000000010e41000 	C:\Program Files\MATLAB\R2011b\bin\win64\icudt44.dll
0x0000000073f70000 - 0x00000000740b5000 	C:\Program Files\MATLAB\R2011b\bin\win64\libmwfl.dll
0x000000007a350000 - 0x000000007a556000 	C:\Program Files\MATLAB\R2011b\bin\win64\libmwMATLAB_res.dll
0x0000000004180000 - 0x0000000004190000 	C:\Program Files\MATLAB\R2011b\bin\win64\boost_date_time-vc90-mt-1_44.dll
0x000000007a250000 - 0x000000007a263000 	C:\Program Files\MATLAB\R2011b\bin\win64\boost_signals-vc90-mt-1_44.dll
0x000000007a2d0000 - 0x000000007a2e2000 	C:\Program Files\MATLAB\R2011b\bin\win64\boost_thread-vc90-mt-1_44.dll
0x00000000042f0000 - 0x0000000004336000 	C:\Program Files\MATLAB\R2011b\bin\win64\tbb.dll
0x000007fefdad0000 - 0x000007fefdae9000 	C:\Windows\system32\imagehlp.dll
0x00000000779d0000 - 0x00000000779d7000 	C:\Windows\system32\PSAPI.DLL
0x000000006ec30000 - 0x000000006ec43000 	C:\Program Files\MATLAB\R2011b\bin\win64\icuio44.dll
0x000007fef8ae0000 - 0x000007fef8c05000 	C:\Windows\system32\dbghelp.dll
0x0000000077710000 - 0x000000007780a000 	C:\Windows\system32\USER32.dll
0x000007fefdef0000 - 0x000007fefdf57000 	C:\Windows\system32\GDI32.dll
0x000007fefdee0000 - 0x000007fefdeee000 	C:\Windows\system32\LPK.dll
0x000007feffa40000 - 0x000007feffb09000 	C:\Windows\system32\USP10.dll
0x000000007bed0000 - 0x000000007c148000 	C:\Program Files\MATLAB\R2011b\bin\win64\libmwservices.dll
0x0000000075a20000 - 0x0000000075ad5000 	C:\Program Files\MATLAB\R2011b\bin\win64\libmx.dll
0x000000007a210000 - 0x000000007a228000 	C:\Program Files\MATLAB\R2011b\bin\win64\zlib1.dll
0x0000000074330000 - 0x0000000074453000 	C:\Program Files\MATLAB\R2011b\bin\win64\libmwmathutil.dll
0x0000000075f10000 - 0x0000000075f5d000 	C:\Program Files\MATLAB\R2011b\bin\win64\mpath.dll
0x000000007b680000 - 0x000000007bb4d000 	C:\Program Files\MATLAB\R2011b\bin\win64\mlutil.dll
0x000000006e9d0000 - 0x000000006ea4f000 	C:\Program Files\MATLAB\R2011b\bin\win64\xmlcore.dll
0x000000007bc30000 - 0x000000007be83000 	C:\Program Files\MATLAB\R2011b\bin\win64\xerces-c_2_7.dll
0x000007fefdf60000 - 0x000007fefdfad000 	C:\Windows\system32\WS2_32.dll
0x000007feffb10000 - 0x000007feffb18000 	C:\Windows\system32\NSI.dll
0x00000000043b0000 - 0x00000000043c6000 	C:\Program Files\MATLAB\R2011b\bin\win64\libmwsettings_res.dll
0x00000000043e0000 - 0x0000000004427000 	C:\Program Files\MATLAB\R2011b\bin\win64\boost_serialization-vc90-mt-1_44.dll
0x000007fefecb0000 - 0x000007feffa38000 	C:\Windows\system32\SHELL32.dll
0x000007fefec10000 - 0x000007fefec81000 	C:\Windows\system32\SHLWAPI.dll
0x000007fef9b40000 - 0x000007fef9be0000 	C:\Windows\WinSxS\amd64_microsoft.windows.common-controls_6595b64144ccf1df_5.82.7601.18201_none_a4d3b9377117c3df\COMCTL32.dll
0x000007fefe230000 - 0x000007fefe2c7000 	C:\Windows\system32\COMDLG32.dll
0x000007fefb4b0000 - 0x000007fefb4c6000 	C:\Windows\system32\NETAPI32.dll
0x000007fefb3d0000 - 0x000007fefb3dc000 	C:\Windows\system32\netutils.dll
0x000007fefd050000 - 0x000007fefd073000 	C:\Windows\system32\srvcli.dll
0x000007fefb3b0000 - 0x000007fefb3c5000 	C:\Windows\system32\wkscli.dll
0x000007fefe8d0000 - 0x000007fefead3000 	C:\Windows\system32\ole32.dll
0x000007fefd9f0000 - 0x000007fefdac7000 	C:\Windows\system32\OLEAUT32.dll
0x0000000074970000 - 0x0000000074a41000 	C:\Program Files\MATLAB\R2011b\bin\win64\mcr.dll
0x0000000075000000 - 0x0000000075324000 	C:\Program Files\MATLAB\R2011b\bin\win64\iqm.dll
0x0000000004460000 - 0x0000000004c30000 	C:\Program Files\MATLAB\R2011b\bin\win64\m_interpreter.dll
0x000000006ec10000 - 0x000000006ec25000 	C:\Program Files\MATLAB\R2011b\bin\win64\libmex.dll
0x000000006e8c0000 - 0x000000006e96e000 	C:\Program Files\MATLAB\R2011b\bin\win64\m_dispatcher.dll
0x0000000074880000 - 0x000000007496d000 	C:\Program Files\MATLAB\R2011b\bin\win64\boost_regex-vc90-mt-1_44.dll
0x000000006e580000 - 0x000000006e604000 	C:\Program Files\MATLAB\R2011b\bin\win64\profiler.dll
0x0000000079f40000 - 0x0000000079f73000 	C:\Program Files\MATLAB\R2011b\bin\win64\libmwmathrng.dll
0x0000000074c10000 - 0x0000000074cea000 	C:\Program Files\MATLAB\R2011b\bin\win64\libmwmathcore.dll
0x0000000076160000 - 0x00000000761cb000 	C:\Program Files\MATLAB\R2011b\bin\win64\libmwspmatrix.dll
0x0000000075ea0000 - 0x0000000075f02000 	C:\Program Files\MATLAB\R2011b\bin\win64\libmwcholmod.dll
0x0000000004cc0000 - 0x0000000004ccd000 	C:\Program Files\MATLAB\R2011b\bin\win64\libmwamd.dll
0x0000000004ce0000 - 0x0000000004cec000 	C:\Program Files\MATLAB\R2011b\bin\win64\libmwcolamd.dll
0x000000006ebd0000 - 0x000000006ebe9000 	C:\Program Files\MATLAB\R2011b\bin\win64\libmwblas.dll
0x000000006ebb0000 - 0x000000006ebc2000 	C:\Program Files\MATLAB\R2011b\bin\win64\libmwbinder.dll
0x0000000073d00000 - 0x0000000073d0b000 	C:\Program Files\MATLAB\R2011b\bin\win64\libmwompwrapper.dll
0x0000000060660000 - 0x00000000606e2000 	C:\Program Files\MATLAB\R2011b\bin\win64\libmwlapack.dll
0x000000006eb00000 - 0x000000006eb21000 	C:\Program Files\MATLAB\R2011b\bin\win64\m_pcodeio.dll
0x0000000079b10000 - 0x0000000079b77000 	C:\Program Files\MATLAB\R2011b\bin\win64\m_ir.dll
0x0000000078470000 - 0x0000000078ab0000 	C:\Program Files\MATLAB\R2011b\bin\win64\m_parser.dll
0x000000006e8a0000 - 0x000000006e8ba000 	C:\Program Files\MATLAB\R2011b\bin\win64\ir_xfmr.dll
0x00000000591f0000 - 0x0000000059475000 	C:\Program Files\MATLAB\R2011b\bin\win64\mcos.dll
0x00000000730c0000 - 0x00000000730cc000 	C:\Program Files\MATLAB\R2011b\bin\win64\mtok.dll
0x000000006e800000 - 0x000000006e831000 	C:\Program Files\MATLAB\R2011b\bin\win64\m_pcodegen.dll
0x0000000079fb0000 - 0x0000000079fe5000 	C:\Program Files\MATLAB\R2011b\bin\win64\libmwbridge.dll
0x0000000059120000 - 0x00000000591e8000 	C:\Program Files\MATLAB\R2011b\bin\win64\udd.dll
0x0000000058fd0000 - 0x0000000059117000 	C:\Program Files\MATLAB\R2011b\bin\win64\libmwgui.dll
0x000000006e880000 - 0x000000006e897000 	C:\Program Files\MATLAB\R2011b\bin\win64\graphics_util.dll
0x0000000004df0000 - 0x00000000057a0000 	C:\Program Files\MATLAB\R2011b\bin\win64\hg.dll
0x0000000076100000 - 0x0000000076158000 	C:\Program Files\MATLAB\R2011b\bin\win64\libmat.dll
0x0000000072d30000 - 0x0000000072f44000 	C:\Program Files\MATLAB\R2011b\bin\win64\hdf5dll.dll
0x0000000075710000 - 0x000000007579d000 	C:\Program Files\MATLAB\R2011b\bin\win64\jmi.dll
0x00000000057e0000 - 0x00000000057ee000 	C:\Program Files\MATLAB\R2011b\bin\win64\nativejava_services.dll
0x000000005efc0000 - 0x000000005f003000 	C:\Program Files\MATLAB\R2011b\bin\win64\libmwhardcopy.dll
0x000000005ee50000 - 0x000000005eeb3000 	C:\Program Files\MATLAB\R2011b\bin\win64\libuij.dll
0x0000000051390000 - 0x0000000051597000 	C:\Program Files\MATLAB\R2011b\bin\win64\hgdatatypes.dll
0x0000000051690000 - 0x0000000051789000 	C:\Program Files\MATLAB\R2011b\bin\win64\hgutils.dll
0x0000000058f10000 - 0x0000000058fcd000 	C:\Program Files\MATLAB\R2011b\bin\win64\udd_mi.dll
0x0000000005850000 - 0x0000000005b19000 	C:\Program Files\MATLAB\R2011b\bin\win64\uiw.dll
0x0000000070380000 - 0x000000007038f000 	C:\Program Files\MATLAB\R2011b\bin\win64\uinone.dll
0x000007fef8440000 - 0x000007fef8458000 	C:\Windows\system32\MPR.dll
0x0000000005b40000 - 0x0000000006024000 	C:\Windows\WinSxS\amd64_microsoft.vc90.mfc_1fc8b3b9a1e18e3b_9.0.30729.6161_none_044aad0bab1eb146\mfc90.dll
0x000007fefa470000 - 0x000007fefa477000 	C:\Windows\system32\MSIMG32.dll
0x000007fef9ac0000 - 0x000007fef9b31000 	C:\Windows\system32\WINSPOOL.DRV
0x0000000060630000 - 0x0000000060651000 	C:\Program Files\MATLAB\R2011b\bin\win64\mwoles05.DLL
0x0000000052120000 - 0x0000000052195000 	C:\Program Files\MATLAB\R2011b\bin\win64\comcli.dll
0x000000006eac0000 - 0x000000006eaef000 	C:\Windows\WinSxS\amd64_microsoft.vc90.atl_1fc8b3b9a1e18e3b_9.0.30729.6161_none_0a1fd3a3a768b895\ATL90.DLL
0x000000006ee50000 - 0x000000006ee5c000 	C:\Program Files\MATLAB\R2011b\bin\win64\mlautoregister.dll
0x0000000006060000 - 0x0000000006070000 	C:\Program Files\MATLAB\R2011b\bin\win64\boost_iostreams-vc90-mt-1_44.dll
0x000007fefddb0000 - 0x000007fefddde000 	C:\Windows\system32\IMM32.DLL
0x000007fefe580000 - 0x000007fefe689000 	C:\Windows\system32\MSCTF.dll
0x000007fefd4d0000 - 0x000007fefd516000 	C:\Windows\system32\nvinitx.dll
0x000000000f000000 - 0x000000000f006000 	C:\Program Files\NVIDIA Corporation\CoProcManager\_etoured.dll
0x000007fefa4a0000 - 0x000007fefa4f5000 	C:\Program Files\NVIDIA Corporation\CoProcManager\nvd3d9wrapx.dll
0x000007fefdaf0000 - 0x000007fefdcc7000 	C:\Windows\system32\SETUPAPI.dll
0x000007fefd7f0000 - 0x000007fefd826000 	C:\Windows\system32\CFGMGR32.dll
0x000007fefd8e0000 - 0x000007fefd8fa000 	C:\Windows\system32\DEVOBJ.dll
0x000007fefa3e0000 - 0x000007fefa41d000 	C:\Program Files\NVIDIA Corporation\CoProcManager\nvdxgiwrapx.dll
0x000007fefbd10000 - 0x000007fefbd66000 	C:\Windows\system32\UxTheme.dll
0x000007fefb8d0000 - 0x000007fefb8e8000 	C:\Windows\system32\dwmapi.dll
0x000000006eaf0000 - 0x000000006eafd000 	C:\Windows\WinSxS\amd64_microsoft.vc90.mfcloc_1fc8b3b9a1e18e3b_9.0.30729.6161_none_01c9581e60cbee58\MFC90ENU.DLL
0x00000000063c0000 - 0x00000000063e9000 	C:\Program Files\MATLAB\R2011b\bin\win64\tbbmalloc.dll
0x000007fefd520000 - 0x000007fefd52f000 	C:\Windows\system32\profapi.dll
0x000007fefaf90000 - 0x000007fefafb7000 	C:\Windows\system32\iphlpapi.dll
0x000007fefaf70000 - 0x000007fefaf7b000 	C:\Windows\system32\WINNSI.DLL
0x000007fefcc00000 - 0x000007fefcc5b000 	C:\Windows\system32\DNSAPI.dll
0x000007fefaa60000 - 0x000007fefaa78000 	C:\Windows\system32\dhcpcsvc.DLL
0x000007fefa5e0000 - 0x000007fefa5f1000 	C:\Windows\system32\dhcpcsvc6.DLL
0x000000006e7f0000 - 0x000000006e7f3000 	C:\Windows\system32\icmp.Dll
0x000007fefd4a0000 - 0x000007fefd4af000 	C:\Windows\system32\CRYPTBASE.dll
0x0000000007e70000 - 0x0000000007eb4000 	C:\Program Files\Acer\Acer PowerSmart Manager\SysHook.dll
0x000000000f010000 - 0x000000000f66d000 	C:\Program Files\MATLAB\R2011b\sys\java\jre\win64\jre\bin\server\jvm.dll

VM Arguments:
jvm_args: -Xss512k -XX:PermSize=32m -Xms64m -XX:NewRatio=3 -XX:MaxPermSize=128m -Xmx196m -XX:MaxDirectMemorySize=2147400000 -Dsun.java2d.noddraw=true -Dsun.awt.nopixfmt=true -Xshare:off -Xrs -Dsun.awt.disableMixing=true -Djava.library.path=C:\Program Files\MATLAB\R2011b\bin\win64 vfprintf abort 
java_command: <unknown>
Launcher Type: generic

Environment Variables:
CLASSPATH=.;C:\Program Files (x86)\Java\jre7\lib\ext\QTJava.zip
PATH=C:\Program Files\Common Files\Microsoft Shared\Windows Live;C:\Program Files (x86)\NVIDIA Corporation\PhysX\Common;C:\Program Files (x86)\MiKTeX 2.9\miktex\bin;C:\Windows\system32;C:\Windows;C:\Windows\System32\Wbem;C:\Windows\System32\WindowsPowerShell\v1.0\;C:\Program Files (x86)\Microsoft SQL Server\100\Tools\Binn\;C:\Program Files\Microsoft SQL Server\100\Tools\Binn\;C:\Program Files\Microsoft SQL Server\100\DTS\Binn\;C:\Program Files\MATLAB\R2011b\runtime\win64;C:\Program Files\MATLAB\R2011b\bin;C:\Program Files (x86)\QuickTime\QTSystem\;C:\Program Files\Common Files\Microsoft Shared\Windows Live;.;
USERNAME=George
OS=Windows_NT
PROCESSOR_IDENTIFIER=Intel64 Family 6 Model 42 Stepping 7, GenuineIntel



---------------  S Y S T E M  ---------------

OS: Windows 7 Build 7601 Service Pack 1

CPU:total 4 (8 cores per cpu, 2 threads per core) family 6 model 42 stepping 7, cmov, cx8, fxsr, mmx, sse, sse2, sse3, ssse3, sse4.1, sse4.2, ht

Memory: 4k page, physical 8236912k(4372008k free), swap 23512928k(15515068k free)

vm_info: Java HotSpot(TM) 64-Bit Server VM (14.3-b01) for windows-amd64 JRE (1.6.0_17-b04), built on Oct 11 2009 00:46:08 by "java_re" with MS VC++ 8.0

time: Thu May 22 14:14:42 2014
elapsed time: 83962 seconds

