#
# A fatal error has been detected by the Java Runtime Environment:
#
#  EXCEPTION_ACCESS_VIOLATION (0xc0000005) at pc=0x000000007322c750, pid=27492, tid=49004
#
# JRE version: 6.0_17-b04
# Java VM: Java HotSpot(TM) 64-Bit Server VM (14.3-b01 mixed mode windows-amd64 )
# Problematic frame:
# C  0x000000007322c750
#
# If you would like to submit a bug report, please visit:
#   http://java.sun.com/webapps/bugreport/crash.jsp
# The crash happened outside the Java Virtual Machine in native code.
# See problematic frame for where to report the bug.
#

---------------  T H R E A D  ---------------

Current thread (0x000000000f116800):  JavaThread "AWT-EventQueue-0" [_thread_in_native, id=49004, stack(0x00000000211f0000,0x0000000021270000)]

siginfo: ExceptionCode=0xc0000005, reading address 0x0000000000000008

Registers:
EAX=0x000000000000000d, EBX=0x000000000f1169b8, ECX=0x0000000000000000, EDX=0x0000000050016efc
ESP=0x000000002126dfe8, EBP=0x0000000062822090, ESI=0x000000000f1169b8, EDI=0x000000000f9496c0
EIP=0x000000007322c750, EFLAGS=0x0000000000010202

Top of Stack: (sp=0x000000002126dfe8)
0x000000002126dfe8:   00000000731d589c 0000000000000000
0x000000002126dff8:   000000000f1169b8 0000000062822090
0x000000002126e008:   000000000f1169b8 0000000000000000
0x000000002126e018:   000000000f1169b8 0000000030954070
0x000000002126e028:   00000000731b3810 000000000f1169b8
0x000000002126e038:   000000002126e6e0 000000002126e6b8
0x000000002126e048:   0000000062822090 000000003619f060
0x000000002126e058:   00000000731d2151 000000003619ea80
0x000000002126e068:   000000002126e6c0 0000000000000000
0x000000002126e078:   000000002126e6b8 000000002d85dfae
0x000000002126e088:   000000002126e0d8 000000002d863878
0x000000002126e098:   0000000000000000 000000002d85dfb8
0x000000002126e0a8:   0000000000000000 000000002126e0e0
0x000000002126e0b8:   000000003619ea80 00000000295d69dc
0x000000002126e0c8:   000000003619ea80 000000003e2c4b70
0x000000002126e0d8:   00000000348e6c88 000000003619ea80 

Instructions: (pc=0x000000007322c750)
0x000000007322c740:   48 8b 41 08 48 8b 80 18 0c 00 00 c3 cc cc cc cc
0x000000007322c750:   48 8b 49 08 48 85 c9 74 05 e9 72 f6 fd ff 33 c0 


Stack: [0x00000000211f0000,0x0000000021270000],  sp=0x000000002126dfe8,  free space=503k
Native frames: (J=compiled Java code, j=interpreted, Vv=VM code, C=native code)
C  0x000000007322c750

Java frames: (J=compiled Java code, j=interpreted, Vv=VM code)
J  sun.java2d.windows.GDIBlitLoops.nativeBlit(Lsun/java2d/SurfaceData;Lsun/java2d/SurfaceData;Lsun/java2d/pipe/Region;IIIIIIIIIZ)V
J  sun.java2d.windows.GDIBlitLoops.Blit(Lsun/java2d/SurfaceData;Lsun/java2d/SurfaceData;Ljava/awt/Composite;Lsun/java2d/pipe/Region;IIIIII)V
J  sun.java2d.pipe.ValidatePipe.copyImage(Lsun/java2d/SunGraphics2D;Ljava/awt/Image;IIIIIILjava/awt/Color;Ljava/awt/image/ImageObserver;)Z
J  sun.java2d.SunGraphics2D.drawImage(Ljava/awt/Image;IIIIIIIILjava/awt/Color;Ljava/awt/image/ImageObserver;)Z
J  java.awt.Component$BltBufferStrategy.showSubRegion(IIII)V
j  java.awt.Component$BltSubRegionBufferStrategy.show(IIII)V+6
j  javax.swing.BufferStrategyPaintManager.flushAccumulatedRegion()Z+48
j  javax.swing.BufferStrategyPaintManager.endPaint()V+84
j  javax.swing.RepaintManager.endPaint()V+47
J  javax.swing.JComponent.paint(Ljava/awt/Graphics;)V
j  java.awt.GraphicsCallback$PaintCallback.run(Ljava/awt/Component;Ljava/awt/Graphics;)V+2
j  sun.awt.SunGraphicsCallback.runOneComponent(Ljava/awt/Component;Ljava/awt/Rectangle;Ljava/awt/Graphics;Ljava/awt/Shape;I)V+155
j  sun.awt.SunGraphicsCallback.runComponents([Ljava/awt/Component;Ljava/awt/Graphics;I)V+104
j  java.awt.Container.paint(Ljava/awt/Graphics;)V+73
J  javax.swing.RepaintManager.paintDirtyRegions(Ljava/util/Map;)V
J  javax.swing.SystemEventQueueUtilities$ComponentWorkRequest.run()V
J  java.awt.EventDispatchThread.pumpEventsForFilter(ILjava/awt/Conditional;Ljava/awt/EventFilter;)V
j  java.awt.EventDispatchThread.pumpEventsForHierarchy(ILjava/awt/Conditional;Ljava/awt/Component;)V+11
j  java.awt.EventDispatchThread.pumpEvents(ILjava/awt/Conditional;)V+4
j  java.awt.EventDispatchThread.pumpEvents(Ljava/awt/Conditional;)V+3
j  java.awt.EventDispatchThread.run()V+9
v  ~StubRoutines::call_stub

---------------  P R O C E S S  ---------------

Java Threads: ( => current thread )
  0x000000000f84d000 JavaThread "Foxtrot Single Worker Thread #1" daemon [_thread_blocked, id=15804, stack(0x00000000292c0000,0x0000000029340000)]
  0x000000000f590000 JavaThread "Code Analyzer updating thread" [_thread_blocked, id=17576, stack(0x0000000028e20000,0x0000000028ea0000)]
  0x000000000f58c000 JavaThread "RequestQueue for GenericFileList" [_thread_blocked, id=41364, stack(0x0000000028d20000,0x0000000028da0000)]
  0x000000000f585000 JavaThread "Code Analyzer updating thread" [_thread_blocked, id=15476, stack(0x00000000289e0000,0x0000000028a60000)]
  0x000000000f58a000 JavaThread "Code Analyzer updating thread" [_thread_blocked, id=44592, stack(0x00000000254d0000,0x0000000025550000)]
  0x000000000f586800 JavaThread "Code Analyzer updating thread" [_thread_blocked, id=11296, stack(0x0000000026b50000,0x0000000026bd0000)]
  0x000000000f58d800 JavaThread "Timer queue for AWT thread" daemon [_thread_blocked, id=24108, stack(0x0000000028940000,0x00000000289c0000)]
  0x000000000f583800 JavaThread "Timer-36" [_thread_blocked, id=48592, stack(0x0000000028720000,0x00000000287a0000)]
  0x000000000f58a800 JavaThread "pool-5-thread-1" [_thread_blocked, id=43620, stack(0x00000000258b0000,0x0000000025930000)]
  0x000000000f589800 JavaThread "Code Analyzer updating thread" [_thread_blocked, id=15656, stack(0x0000000053910000,0x0000000053990000)]
  0x000000000f588800 JavaThread "Code Analyzer updating thread" [_thread_blocked, id=34740, stack(0x0000000053660000,0x00000000536e0000)]
  0x000000000f587000 JavaThread "Active Reference Queue Daemon" daemon [_thread_blocked, id=27360, stack(0x0000000053740000,0x00000000537c0000)]
  0x000000000f588000 JavaThread "Timer-8" daemon [_thread_blocked, id=49316, stack(0x0000000044a80000,0x0000000044b00000)]
  0x000000000f585800 JavaThread "Timer-6" daemon [_thread_blocked, id=19044, stack(0x0000000052da0000,0x0000000052e20000)]
  0x000000000f582800 JavaThread "Prefs Updater" daemon [_thread_blocked, id=12476, stack(0x0000000051190000,0x0000000051210000)]
  0x000000000f582000 JavaThread "Timer-1" [_thread_blocked, id=12056, stack(0x000000004ce30000,0x000000004ceb0000)]
  0x000000000f581800 JavaThread "FelixPackageAdmin" daemon [_thread_blocked, id=21592, stack(0x0000000051210000,0x0000000051290000)]
  0x000000000f580800 JavaThread "FelixStartLevel" daemon [_thread_blocked, id=20388, stack(0x0000000025450000,0x00000000254d0000)]
  0x000000000ea17800 JavaThread "FelixDispatchQueue" daemon [_thread_blocked, id=13004, stack(0x0000000014f70000,0x0000000014ff0000)]
  0x000000000f181000 JavaThread "TimerQueue" daemon [_thread_blocked, id=35960, stack(0x00000000253b0000,0x0000000025430000)]
=>0x000000000f116800 JavaThread "AWT-EventQueue-0" [_thread_in_native, id=49004, stack(0x00000000211f0000,0x0000000021270000)]
  0x000000000f3fb800 JavaThread "com.google.common.base.internal.Finalizer" daemon [_thread_blocked, id=34848, stack(0x0000000014ee0000,0x0000000014f60000)]
  0x000000000f3fa800 JavaThread "AWT-Shutdown" [_thread_blocked, id=23120, stack(0x000000000fca0000,0x000000000fd20000)]
  0x000000000f1d8800 JavaThread "AWT-Windows" daemon [_thread_in_native, id=26264, stack(0x000000000fd30000,0x000000000fdb0000)]
  0x000000000f1d5000 JavaThread "Java2D Disposer" daemon [_thread_blocked, id=45400, stack(0x000000000fbb0000,0x000000000fc30000)]
  0x000000000edbf800 JavaThread "Timer-0" [_thread_blocked, id=7576, stack(0x000000000dd10000,0x000000000dd90000)]
  0x000000000ec68000 JavaThread "JMI Unnamed Thread" [_thread_in_native, id=2768, stack(0x0000000010e90000,0x0000000014e90000)]
  0x000000000da25000 JavaThread "Low Memory Detector" daemon [_thread_blocked, id=20056, stack(0x000000000df60000,0x000000000dfe0000)]
  0x000000000da23800 JavaThread "CompilerThread1" daemon [_thread_blocked, id=37316, stack(0x0000000080000000,0x0000000084000000)]
  0x000000000da13800 JavaThread "CompilerThread0" daemon [_thread_blocked, id=31668, stack(0x0000000059af0000,0x000000005daf0000)]
  0x000000000da13000 JavaThread "Attach Listener" daemon [_thread_blocked, id=40384, stack(0x000000000de30000,0x000000000deb0000)]
  0x00000000059fa800 JavaThread "Finalizer" daemon [_thread_blocked, id=11932, stack(0x000000000dc80000,0x000000000dd00000)]
  0x000000000d9b5800 JavaThread "Reference Handler" daemon [_thread_blocked, id=46520, stack(0x000000000dbd0000,0x000000000dc50000)]
  0x000000000553e800 JavaThread "main" [_thread_in_native, id=14424, stack(0x00000000001b0000,0x00000000041b0000)]

Other Threads:
  0x000000000d9b2000 VMThread [stack: 0x0000000054ad0000,0x0000000058ad0000] [id=10280]
  0x000000000da6c000 WatcherThread [stack: 0x0000000084150000,0x0000000088150000] [id=17720]

VM state:not at safepoint (normal execution)

VM Mutex/Monitor currently owned by a thread: None

Heap
 PSYoungGen      total 19904K, used 13195K [0x000000003d7f0000, 0x000000003ee50000, 0x00000000408f0000)
  eden space 17024K, 66% used [0x000000003d7f0000,0x000000003e2ed568,0x000000003e890000)
  from space 2880K, 67% used [0x000000003eb80000,0x000000003ed65a18,0x000000003ee50000)
  to   space 2944K, 0% used [0x000000003e890000,0x000000003e890000,0x000000003eb70000)
 PSOldGen        total 150528K, used 146800K [0x00000000344f0000, 0x000000003d7f0000, 0x000000003d7f0000)
  object space 150528K, 97% used [0x00000000344f0000,0x000000003d44c1d8,0x000000003d7f0000)
 PSPermGen       total 92992K, used 70113K [0x000000002c4f0000, 0x0000000031fc0000, 0x00000000344f0000)
  object space 92992K, 75% used [0x000000002c4f0000,0x0000000030968500,0x0000000031fc0000)

Dynamic libraries:
0x000000013f650000 - 0x000000013f679000 	C:\Program Files\MATLAB\R2011b\bin\win64\MATLAB.exe
0x0000000077940000 - 0x0000000077ae9000 	C:\Windows\SYSTEM32\ntdll.dll
0x0000000077720000 - 0x000000007783f000 	C:\Windows\system32\kernel32.dll
0x000007fefda00000 - 0x000007fefda6b000 	C:\Windows\system32\KERNELBASE.dll
0x0000000064d00000 - 0x0000000064d3f000 	C:\Program Files\AVAST Software\Avast\snxhk64.dll
0x0000000074460000 - 0x0000000074563000 	C:\Program Files\MATLAB\R2011b\bin\win64\libut.dll
0x00000000758a0000 - 0x0000000075944000 	C:\Program Files\MATLAB\R2011b\bin\win64\libmwi18n.dll
0x0000000180000000 - 0x000000018000b000 	C:\Program Files\MATLAB\R2011b\bin\win64\libmwresource_core.dll
0x000000006fef0000 - 0x000000006ffc3000 	C:\Windows\WinSxS\amd64_microsoft.vc90.crt_1fc8b3b9a1e18e3b_9.0.30729.6161_none_08e61857a83bc251\MSVCP90.dll
0x000000006fe40000 - 0x000000006fee3000 	C:\Windows\WinSxS\amd64_microsoft.vc90.crt_1fc8b3b9a1e18e3b_9.0.30729.6161_none_08e61857a83bc251\MSVCR90.dll
0x000000007a170000 - 0x000000007a19c000 	C:\Program Files\MATLAB\R2011b\bin\win64\boost_filesystem-vc90-mt-1_44.dll
0x000000007a560000 - 0x000000007a569000 	C:\Program Files\MATLAB\R2011b\bin\win64\boost_system-vc90-mt-1_44.dll
0x000007fefdf80000 - 0x000007fefe05b000 	C:\Windows\system32\ADVAPI32.dll
0x000007fefe140000 - 0x000007fefe1df000 	C:\Windows\system32\msvcrt.dll
0x000007fefdd60000 - 0x000007fefdd7f000 	C:\Windows\SYSTEM32\sechost.dll
0x000007feff9f0000 - 0x000007feffb1d000 	C:\Windows\system32\RPCRT4.dll
0x000000007a010000 - 0x000000007a035000 	C:\Program Files\MATLAB\R2011b\bin\win64\LIBEXPAT.dll
0x0000000059860000 - 0x0000000059a51000 	C:\Program Files\MATLAB\R2011b\bin\win64\icuin44.dll
0x0000000062250000 - 0x00000000623c1000 	C:\Program Files\MATLAB\R2011b\bin\win64\icuuc44.dll
0x0000000010000000 - 0x0000000010e41000 	C:\Program Files\MATLAB\R2011b\bin\win64\icudt44.dll
0x0000000073f70000 - 0x00000000740b5000 	C:\Program Files\MATLAB\R2011b\bin\win64\libmwfl.dll
0x000000007a350000 - 0x000000007a556000 	C:\Program Files\MATLAB\R2011b\bin\win64\libmwMATLAB_res.dll
0x0000000000190000 - 0x00000000001a0000 	C:\Program Files\MATLAB\R2011b\bin\win64\boost_date_time-vc90-mt-1_44.dll
0x000000007a250000 - 0x000000007a263000 	C:\Program Files\MATLAB\R2011b\bin\win64\boost_signals-vc90-mt-1_44.dll
0x000000007a2d0000 - 0x000000007a2e2000 	C:\Program Files\MATLAB\R2011b\bin\win64\boost_thread-vc90-mt-1_44.dll
0x00000000041d0000 - 0x0000000004216000 	C:\Program Files\MATLAB\R2011b\bin\win64\tbb.dll
0x000007feff9d0000 - 0x000007feff9e9000 	C:\Windows\system32\imagehlp.dll
0x0000000077b00000 - 0x0000000077b07000 	C:\Windows\system32\PSAPI.DLL
0x000000006f4f0000 - 0x000000006f503000 	C:\Program Files\MATLAB\R2011b\bin\win64\icuio44.dll
0x000007fef8de0000 - 0x000007fef8f05000 	C:\Windows\system32\dbghelp.dll
0x0000000077840000 - 0x000000007793a000 	C:\Windows\system32\USER32.dll
0x000007fefe1e0000 - 0x000007fefe247000 	C:\Windows\system32\GDI32.dll
0x000007fefde00000 - 0x000007fefde0e000 	C:\Windows\system32\LPK.dll
0x000007fefdeb0000 - 0x000007fefdf79000 	C:\Windows\system32\USP10.dll
0x000000007bed0000 - 0x000000007c148000 	C:\Program Files\MATLAB\R2011b\bin\win64\libmwservices.dll
0x0000000075a20000 - 0x0000000075ad5000 	C:\Program Files\MATLAB\R2011b\bin\win64\libmx.dll
0x000000007a210000 - 0x000000007a228000 	C:\Program Files\MATLAB\R2011b\bin\win64\zlib1.dll
0x0000000074330000 - 0x0000000074453000 	C:\Program Files\MATLAB\R2011b\bin\win64\libmwmathutil.dll
0x0000000075f10000 - 0x0000000075f5d000 	C:\Program Files\MATLAB\R2011b\bin\win64\mpath.dll
0x000000007b680000 - 0x000000007bb4d000 	C:\Program Files\MATLAB\R2011b\bin\win64\mlutil.dll
0x000000006ec60000 - 0x000000006ecdf000 	C:\Program Files\MATLAB\R2011b\bin\win64\xmlcore.dll
0x000000007bc30000 - 0x000000007be83000 	C:\Program Files\MATLAB\R2011b\bin\win64\xerces-c_2_7.dll
0x000007feffba0000 - 0x000007feffbed000 	C:\Windows\system32\WS2_32.dll
0x000007feff750000 - 0x000007feff758000 	C:\Windows\system32\NSI.dll
0x00000000043c0000 - 0x00000000043d6000 	C:\Program Files\MATLAB\R2011b\bin\win64\libmwsettings_res.dll
0x00000000043f0000 - 0x0000000004437000 	C:\Program Files\MATLAB\R2011b\bin\win64\boost_serialization-vc90-mt-1_44.dll
0x000007fefe250000 - 0x000007fefefd8000 	C:\Windows\system32\SHELL32.dll
0x000007fefdd80000 - 0x000007fefddf1000 	C:\Windows\system32\SHLWAPI.dll
0x000007fef9af0000 - 0x000007fef9b90000 	C:\Windows\WinSxS\amd64_microsoft.windows.common-controls_6595b64144ccf1df_5.82.7601.18201_none_a4d3b9377117c3df\COMCTL32.dll
0x000007fefde10000 - 0x000007fefdea7000 	C:\Windows\system32\COMDLG32.dll
0x000007fefb5f0000 - 0x000007fefb606000 	C:\Windows\system32\NETAPI32.dll
0x000007fefb5e0000 - 0x000007fefb5ec000 	C:\Windows\system32\netutils.dll
0x000007fefd190000 - 0x000007fefd1b3000 	C:\Windows\system32\srvcli.dll
0x000007fefb5c0000 - 0x000007fefb5d5000 	C:\Windows\system32\wkscli.dll
0x000007feff360000 - 0x000007feff563000 	C:\Windows\system32\ole32.dll
0x000007fefe060000 - 0x000007fefe137000 	C:\Windows\system32\OLEAUT32.dll
0x0000000074970000 - 0x0000000074a41000 	C:\Program Files\MATLAB\R2011b\bin\win64\mcr.dll
0x0000000075000000 - 0x0000000075324000 	C:\Program Files\MATLAB\R2011b\bin\win64\iqm.dll
0x0000000054180000 - 0x0000000054950000 	C:\Program Files\MATLAB\R2011b\bin\win64\m_interpreter.dll
0x000000006f4c0000 - 0x000000006f4d5000 	C:\Program Files\MATLAB\R2011b\bin\win64\libmex.dll
0x000000006af90000 - 0x000000006b03e000 	C:\Program Files\MATLAB\R2011b\bin\win64\m_dispatcher.dll
0x0000000074880000 - 0x000000007496d000 	C:\Program Files\MATLAB\R2011b\bin\win64\boost_regex-vc90-mt-1_44.dll
0x00000000699b0000 - 0x0000000069a34000 	C:\Program Files\MATLAB\R2011b\bin\win64\profiler.dll
0x0000000079f40000 - 0x0000000079f73000 	C:\Program Files\MATLAB\R2011b\bin\win64\libmwmathrng.dll
0x0000000074c10000 - 0x0000000074cea000 	C:\Program Files\MATLAB\R2011b\bin\win64\libmwmathcore.dll
0x0000000076160000 - 0x00000000761cb000 	C:\Program Files\MATLAB\R2011b\bin\win64\libmwspmatrix.dll
0x0000000075ea0000 - 0x0000000075f02000 	C:\Program Files\MATLAB\R2011b\bin\win64\libmwcholmod.dll
0x0000000004500000 - 0x000000000450d000 	C:\Program Files\MATLAB\R2011b\bin\win64\libmwamd.dll
0x0000000004520000 - 0x000000000452c000 	C:\Program Files\MATLAB\R2011b\bin\win64\libmwcolamd.dll
0x000000006f390000 - 0x000000006f3a9000 	C:\Program Files\MATLAB\R2011b\bin\win64\libmwblas.dll
0x000000006f370000 - 0x000000006f382000 	C:\Program Files\MATLAB\R2011b\bin\win64\libmwbinder.dll
0x000000006f310000 - 0x000000006f31b000 	C:\Program Files\MATLAB\R2011b\bin\win64\libmwompwrapper.dll
0x0000000069920000 - 0x00000000699a2000 	C:\Program Files\MATLAB\R2011b\bin\win64\libmwlapack.dll
0x000000006f230000 - 0x000000006f251000 	C:\Program Files\MATLAB\R2011b\bin\win64\m_pcodeio.dll
0x0000000079b10000 - 0x0000000079b77000 	C:\Program Files\MATLAB\R2011b\bin\win64\m_ir.dll
0x0000000053010000 - 0x0000000053650000 	C:\Program Files\MATLAB\R2011b\bin\win64\m_parser.dll
0x000000006f0c0000 - 0x000000006f0da000 	C:\Program Files\MATLAB\R2011b\bin\win64\ir_xfmr.dll
0x0000000059370000 - 0x00000000595f5000 	C:\Program Files\MATLAB\R2011b\bin\win64\mcos.dll
0x000000006f3c0000 - 0x000000006f3cc000 	C:\Program Files\MATLAB\R2011b\bin\win64\mtok.dll
0x000000006b5f0000 - 0x000000006b621000 	C:\Program Files\MATLAB\R2011b\bin\win64\m_pcodegen.dll
0x0000000079fb0000 - 0x0000000079fe5000 	C:\Program Files\MATLAB\R2011b\bin\win64\libmwbridge.dll
0x0000000066f60000 - 0x0000000067028000 	C:\Program Files\MATLAB\R2011b\bin\win64\udd.dll
0x0000000060c40000 - 0x0000000060d87000 	C:\Program Files\MATLAB\R2011b\bin\win64\libmwgui.dll
0x000000006ef30000 - 0x000000006ef47000 	C:\Program Files\MATLAB\R2011b\bin\win64\graphics_util.dll
0x0000000004630000 - 0x0000000004fe0000 	C:\Program Files\MATLAB\R2011b\bin\win64\hg.dll
0x0000000076100000 - 0x0000000076158000 	C:\Program Files\MATLAB\R2011b\bin\win64\libmat.dll
0x0000000072d30000 - 0x0000000072f44000 	C:\Program Files\MATLAB\R2011b\bin\win64\hdf5dll.dll
0x0000000075710000 - 0x000000007579d000 	C:\Program Files\MATLAB\R2011b\bin\win64\jmi.dll
0x0000000005020000 - 0x000000000502e000 	C:\Program Files\MATLAB\R2011b\bin\win64\nativejava_services.dll
0x000000006b4b0000 - 0x000000006b4f3000 	C:\Program Files\MATLAB\R2011b\bin\win64\libmwhardcopy.dll
0x00000000697a0000 - 0x0000000069803000 	C:\Program Files\MATLAB\R2011b\bin\win64\libuij.dll
0x0000000059160000 - 0x0000000059367000 	C:\Program Files\MATLAB\R2011b\bin\win64\hgdatatypes.dll
0x0000000066650000 - 0x0000000066749000 	C:\Program Files\MATLAB\R2011b\bin\win64\hgutils.dll
0x0000000066450000 - 0x000000006650d000 	C:\Program Files\MATLAB\R2011b\bin\win64\udd_mi.dll
0x0000000005090000 - 0x0000000005359000 	C:\Program Files\MATLAB\R2011b\bin\win64\uiw.dll
0x000000006f1b0000 - 0x000000006f1bf000 	C:\Program Files\MATLAB\R2011b\bin\win64\uinone.dll
0x000007fef7710000 - 0x000007fef7728000 	C:\Windows\system32\MPR.dll
0x00000000516a0000 - 0x0000000051b84000 	C:\Windows\WinSxS\amd64_microsoft.vc90.mfc_1fc8b3b9a1e18e3b_9.0.30729.6161_none_044aad0bab1eb146\mfc90.dll
0x000007fefacf0000 - 0x000007fefacf7000 	C:\Windows\system32\MSIMG32.dll
0x000007fef9a00000 - 0x000007fef9a71000 	C:\Windows\system32\WINSPOOL.DRV
0x000000006af60000 - 0x000000006af81000 	C:\Program Files\MATLAB\R2011b\bin\win64\mwoles05.DLL
0x0000000064b10000 - 0x0000000064b85000 	C:\Program Files\MATLAB\R2011b\bin\win64\comcli.dll
0x000000006af30000 - 0x000000006af5f000 	C:\Windows\WinSxS\amd64_microsoft.vc90.atl_1fc8b3b9a1e18e3b_9.0.30729.6161_none_0a1fd3a3a768b895\ATL90.DLL
0x000000006f2a0000 - 0x000000006f2ac000 	C:\Program Files\MATLAB\R2011b\bin\win64\mlautoregister.dll
0x00000000053b0000 - 0x00000000053c0000 	C:\Program Files\MATLAB\R2011b\bin\win64\boost_iostreams-vc90-mt-1_44.dll
0x000007fefd580000 - 0x000007fefd5d7000 	C:\Windows\system32\apphelp.dll
0x000007fef3410000 - 0x000007fef3461000 	C:\Windows\AppPatch\AppPatch64\AcGenral.DLL
0x000007fefd550000 - 0x000007fefd575000 	C:\Windows\system32\SspiCli.dll
0x0000000070410000 - 0x0000000070413000 	C:\Windows\system32\sfc.dll
0x000007fef8cd0000 - 0x000007fef8ce0000 	C:\Windows\system32\sfc_os.DLL
0x000007fefc9e0000 - 0x000007fefc9fe000 	C:\Windows\system32\USERENV.dll
0x000007fefd650000 - 0x000007fefd65f000 	C:\Windows\system32\profapi.dll
0x000007fefb840000 - 0x000007fefb858000 	C:\Windows\system32\dwmapi.dll
0x000007fefefe0000 - 0x000007feff00e000 	C:\Windows\system32\IMM32.DLL
0x000007feff760000 - 0x000007feff869000 	C:\Windows\system32\MSCTF.dll
0x000007fefd610000 - 0x000007fefd642000 	C:\Windows\system32\nvinitx.dll
0x000007fefbdc0000 - 0x000007fefbe16000 	C:\Windows\system32\UxTheme.dll
0x000000006ec50000 - 0x000000006ec5d000 	C:\Windows\WinSxS\amd64_microsoft.vc90.mfcloc_1fc8b3b9a1e18e3b_9.0.30729.6161_none_01c9581e60cbee58\MFC90ENU.DLL
0x00000000056e0000 - 0x0000000005709000 	C:\Program Files\MATLAB\R2011b\bin\win64\tbbmalloc.dll
0x000007fefb0c0000 - 0x000007fefb0e7000 	C:\Windows\system32\iphlpapi.dll
0x000007fefb0b0000 - 0x000007fefb0bb000 	C:\Windows\system32\WINNSI.DLL
0x000007fefcd40000 - 0x000007fefcd9b000 	C:\Windows\system32\DNSAPI.dll
0x000007fefad00000 - 0x000007fefad11000 	C:\Windows\system32\dhcpcsvc6.DLL
0x000007fefad20000 - 0x000007fefad38000 	C:\Windows\system32\dhcpcsvc.DLL
0x000000006ea30000 - 0x000000006ea33000 	C:\Windows\system32\icmp.Dll
0x000007fefd5e0000 - 0x000007fefd5ef000 	C:\Windows\system32\CRYPTBASE.dll
0x000007fefda80000 - 0x000007fefdab6000 	C:\Windows\system32\CFGMGR32.dll
0x0000000007a90000 - 0x0000000007ad4000 	C:\Program Files\Acer\Acer PowerSmart Manager\SysHook.dll

VM Arguments:
jvm_args: -Xss512k -XX:PermSize=32m -Xms64m -XX:NewRatio=3 -XX:MaxPermSize=128m -Xmx196m -XX:MaxDirectMemorySize=2147400000 -Dsun.java2d.noddraw=true -Dsun.awt.nopixfmt=true -Xshare:off -Xrs -Dsun.awt.disableMixing=true -Djava.library.path=C:\Program Files\MATLAB\R2011b\bin\win64 vfprintf abort 
java_command: <unknown>
Launcher Type: generic

Environment Variables:
CLASSPATH=.;C:\Program Files (x86)\Java\jre7\lib\ext\QTJava.zip
PATH=C:\Program Files (x86)\NVIDIA Corporation\PhysX\Common;C:\Program Files\Common Files\Microsoft Shared\Windows Live;C:\Program Files (x86)\MiKTeX 2.9\miktex\bin;C:\Windows\system32;C:\Windows;C:\Windows\System32\Wbem;C:\Windows\System32\WindowsPowerShell\v1.0\;C:\Program Files (x86)\Microsoft SQL Server\100\Tools\Binn\;C:\Program Files\Microsoft SQL Server\100\Tools\Binn\;C:\Program Files\Microsoft SQL Server\100\DTS\Binn\;C:\Program Files\MATLAB\R2011b\runtime\win64;C:\Program Files\MATLAB\R2011b\bin;C:\Program Files (x86)\QuickTime\QTSystem\;C:\Program Files\Common Files\Microsoft Shared\Windows Live;.;;.;
USERNAME=George
OS=Windows_NT
PROCESSOR_IDENTIFIER=Intel64 Family 6 Model 42 Stepping 7, GenuineIntel



---------------  S Y S T E M  ---------------

OS: Windows 7 Build 7601 Service Pack 1

CPU:total 4 (8 cores per cpu, 2 threads per core) family 6 model 42 stepping 7, cmov, cx8, fxsr, mmx, sse, sse2, sse3, ssse3, sse4.1, sse4.2, ht

Memory: 4k page, physical 8236912k(2924488k free), swap 25991952k(16548476k free)

vm_info: Java HotSpot(TM) 64-Bit Server VM (14.3-b01) for windows-amd64 JRE (1.6.0_17-b04), built on Oct 11 2009 00:46:08 by "java_re" with MS VC++ 8.0

time: Mon Aug 04 13:40:24 2014
elapsed time: 346390 seconds

