#
# A fatal error has been detected by the Java Runtime Environment:
#
#  EXCEPTION_ACCESS_VIOLATION (0xc0000005) at pc=0x000000000d7cc750, pid=15124, tid=49652
#
# JRE version: 6.0_17-b04
# Java VM: Java HotSpot(TM) 64-Bit Server VM (14.3-b01 mixed mode windows-amd64 )
# Problematic frame:
# C  0x000000000d7cc750
#
# If you would like to submit a bug report, please visit:
#   http://java.sun.com/webapps/bugreport/crash.jsp
# The crash happened outside the Java Virtual Machine in native code.
# See problematic frame for where to report the bug.
#

---------------  T H R E A D  ---------------

Current thread (0x000000000f7a5800):  JavaThread "AWT-EventQueue-0" [_thread_in_native, id=49652, stack(0x000000000ec80000,0x000000000ed00000)]

siginfo: ExceptionCode=0xc0000005, reading address 0x0000000000000008

Registers:
EAX=0x000000000000000d, EBX=0x000000000f7a59b8, ECX=0x0000000000000000, EDX=0xffffffff8c014e87
ESP=0x000000000ecfdcb8, EBP=0x000000000d31b940, ESI=0x000000000f7a59b8, EDI=0x000000006e5eec70
EIP=0x000000000d7cc750, EFLAGS=0x0000000000010202

Top of Stack: (sp=0x000000000ecfdcb8)
0x000000000ecfdcb8:   000000000d77589c 0000000000000000
0x000000000ecfdcc8:   000000000f7a59b8 000000000d31b940
0x000000000ecfdcd8:   000000000f7a59b8 000000003e0296f8
0x000000000ecfdce8:   000000000f7a59b8 000000002f0179d0
0x000000000ecfdcf8:   000000000d753810 000000000f7a59b8
0x000000000ecfdd08:   000000000ecfe3b0 000000000ecfe388
0x000000000ecfdd18:   000000000d31b940 000000002fe646c0
0x000000000ecfdd28:   000000000d772151 00000000374a59b8
0x000000000ecfdd38:   000000000ecfe390 0000000000000000
0x000000000ecfdd48:   000000000ecfe388 0000000000000031
0x000000000ecfdd58:   00000000360ce118 000000538f1d7e01
0x000000000ecfdd68:   0000000029a5c3dc 00000000360ce118
0x000000000ecfdd78:   0000000029b0aba0 0000000029f00074
0x000000000ecfdd88:   00000000360ce118 0000000000000000
0x000000000ecfdd98:   000000003e029550 0000000000000031
0x000000000ecfdda8:   00000000374a5e20 0000000000000000 

Instructions: (pc=0x000000000d7cc750)
0x000000000d7cc740:   48 8b 41 08 48 8b 80 18 0c 00 00 c3 cc cc cc cc
0x000000000d7cc750:   48 8b 49 08 48 85 c9 74 05 e9 72 f6 fd ff 33 c0 


Stack: [0x000000000ec80000,0x000000000ed00000],  sp=0x000000000ecfdcb8,  free space=503k
Native frames: (J=compiled Java code, j=interpreted, Vv=VM code, C=native code)
C  0x000000000d7cc750

Java frames: (J=compiled Java code, j=interpreted, Vv=VM code)
J  sun.java2d.windows.GDIBlitLoops.nativeBlit(Lsun/java2d/SurfaceData;Lsun/java2d/SurfaceData;Lsun/java2d/pipe/Region;IIIIIIIIIZ)V
J  sun.java2d.windows.GDIBlitLoops.Blit(Lsun/java2d/SurfaceData;Lsun/java2d/SurfaceData;Ljava/awt/Composite;Lsun/java2d/pipe/Region;IIIIII)V
J  sun.java2d.pipe.DrawImage.renderImageCopy(Lsun/java2d/SunGraphics2D;Ljava/awt/Image;Ljava/awt/Color;IIIIII)Z
J  sun.java2d.pipe.DrawImage.copyImage(Lsun/java2d/SunGraphics2D;Ljava/awt/Image;IILjava/awt/Color;Ljava/awt/image/ImageObserver;)Z
J  javax.swing.RepaintManager$PaintManager.paintDoubleBuffered(Ljavax/swing/JComponent;Ljava/awt/Image;Ljava/awt/Graphics;IIII)V
j  javax.swing.RepaintManager$PaintManager.paint(Ljavax/swing/JComponent;Ljavax/swing/JComponent;Ljava/awt/Graphics;IIII)Z+116
J  javax.swing.BufferStrategyPaintManager.paint(Ljavax/swing/JComponent;Ljavax/swing/JComponent;Ljava/awt/Graphics;IIII)Z
J  javax.swing.RepaintManager.paint(Ljavax/swing/JComponent;Ljavax/swing/JComponent;Ljava/awt/Graphics;IIII)V
J  javax.swing.JComponent.paint(Ljava/awt/Graphics;)V
j  java.awt.GraphicsCallback$PaintCallback.run(Ljava/awt/Component;Ljava/awt/Graphics;)V+2
j  sun.awt.SunGraphicsCallback.runOneComponent(Ljava/awt/Component;Ljava/awt/Rectangle;Ljava/awt/Graphics;Ljava/awt/Shape;I)V+155
j  sun.awt.SunGraphicsCallback.runComponents([Ljava/awt/Component;Ljava/awt/Graphics;I)V+104
j  java.awt.Container.paint(Ljava/awt/Graphics;)V+73
J  javax.swing.RepaintManager.paintDirtyRegions(Ljava/util/Map;)V
J  javax.swing.SystemEventQueueUtilities$ComponentWorkRequest.run()V
J  java.awt.EventDispatchThread.pumpOneEventForFilters(I)Z
J  java.awt.EventDispatchThread.pumpEventsForFilter(ILjava/awt/Conditional;Ljava/awt/EventFilter;)V
j  java.awt.EventDispatchThread.pumpEventsForHierarchy(ILjava/awt/Conditional;Ljava/awt/Component;)V+11
j  java.awt.EventDispatchThread.pumpEvents(ILjava/awt/Conditional;)V+4
j  java.awt.EventDispatchThread.pumpEvents(Ljava/awt/Conditional;)V+3
j  java.awt.EventDispatchThread.run()V+9
v  ~StubRoutines::call_stub

---------------  P R O C E S S  ---------------

Java Threads: ( => current thread )
  0x000000000f8b0000 JavaThread "Code Analyzer updating thread" [_thread_blocked, id=101756, stack(0x0000000064a30000,0x0000000064ab0000)]
  0x000000000f8b6800 JavaThread "RequestQueue for GenericFileList" [_thread_blocked, id=90996, stack(0x00000000596c0000,0x0000000059740000)]
  0x000000000f8b5000 JavaThread "Timer queue for AWT thread" daemon [_thread_blocked, id=21232, stack(0x0000000044a00000,0x0000000044a80000)]
  0x000000006dbe3800 JavaThread "Foxtrot Multi Worker Thread Runner #2" daemon [_thread_blocked, id=107028, stack(0x0000000029130000,0x00000000291b0000)]
  0x000000006dbe7000 JavaThread "pool-5-thread-1" [_thread_blocked, id=42184, stack(0x00000000256f0000,0x0000000025770000)]
  0x000000006dbe2000 JavaThread "Foxtrot Single Worker Thread #1" daemon [_thread_blocked, id=128152, stack(0x0000000025670000,0x00000000256f0000)]
  0x000000006dbe0000 JavaThread "Code Analyzer updating thread" [_thread_blocked, id=67120, stack(0x00000000599a0000,0x0000000059a20000)]
  0x000000000d97f000 JavaThread "Code Analyzer updating thread" [_thread_blocked, id=26368, stack(0x000000005c960000,0x000000005c9e0000)]
  0x000000000f8b5800 JavaThread "Code Analyzer updating thread" [_thread_blocked, id=24916, stack(0x000000005b4b0000,0x000000005b530000)]
  0x000000000d97e000 JavaThread "Code Analyzer updating thread" [_thread_blocked, id=74748, stack(0x000000005b5c0000,0x000000005b640000)]
  0x000000000d97d800 JavaThread "Code Analyzer updating thread" [_thread_blocked, id=119296, stack(0x0000000059870000,0x00000000598f0000)]
  0x000000000d97c800 JavaThread "Code Analyzer updating thread" [_thread_blocked, id=49084, stack(0x0000000059db0000,0x0000000059e30000)]
  0x000000000d97c000 JavaThread "Code Analyzer updating thread" [_thread_blocked, id=131356, stack(0x0000000014f20000,0x0000000014fa0000)]
  0x000000000d97b000 JavaThread "Code Analyzer updating thread" [_thread_blocked, id=27040, stack(0x000000005b6b0000,0x000000005b730000)]
  0x000000000d97a800 JavaThread "Code Analyzer updating thread" [_thread_blocked, id=16864, stack(0x000000005b420000,0x000000005b4a0000)]
  0x000000000d97a000 JavaThread "Code Analyzer updating thread" [_thread_blocked, id=28340, stack(0x000000005b360000,0x000000005b3e0000)]
  0x000000000d979000 JavaThread "Code Analyzer updating thread" [_thread_blocked, id=33472, stack(0x0000000059ce0000,0x0000000059d60000)]
  0x000000000d978800 JavaThread "Active Reference Queue Daemon" daemon [_thread_blocked, id=22096, stack(0x0000000059c60000,0x0000000059ce0000)]
  0x000000000d977800 JavaThread "Timer-7" daemon [_thread_blocked, id=112408, stack(0x000000000ef70000,0x000000000eff0000)]
  0x000000000f8b4000 JavaThread "Timer-5" daemon [_thread_blocked, id=70324, stack(0x0000000054dd0000,0x0000000054e50000)]
  0x000000000f8b2800 JavaThread "Prefs Updater" daemon [_thread_blocked, id=99284, stack(0x0000000044ac0000,0x0000000044b40000)]
  0x000000000f8b2000 JavaThread "Timer-1" [_thread_blocked, id=46980, stack(0x0000000050d30000,0x0000000050db0000)]
  0x000000000f8af000 JavaThread "FelixPackageAdmin" daemon [_thread_blocked, id=102392, stack(0x0000000010e60000,0x0000000010ee0000)]
  0x000000000f4fe000 JavaThread "FelixStartLevel" daemon [_thread_blocked, id=75120, stack(0x0000000025370000,0x00000000253f0000)]
  0x000000000f4fd800 JavaThread "FelixDispatchQueue" daemon [_thread_blocked, id=8504, stack(0x0000000021280000,0x0000000021300000)]
  0x000000000f837800 JavaThread "TimerQueue" daemon [_thread_blocked, id=93452, stack(0x000000000ed00000,0x000000000ed80000)]
=>0x000000000f7a5800 JavaThread "AWT-EventQueue-0" [_thread_in_native, id=49652, stack(0x000000000ec80000,0x000000000ed00000)]
  0x000000000f3a1800 JavaThread "com.google.common.base.internal.Finalizer" daemon [_thread_blocked, id=18016, stack(0x000000000eb90000,0x000000000ec10000)]
  0x000000000f015800 JavaThread "AWT-Shutdown" [_thread_blocked, id=26676, stack(0x000000000eab0000,0x000000000eb30000)]
  0x000000000f54c800 JavaThread "AWT-Windows" daemon [_thread_in_native, id=96152, stack(0x000000000e600000,0x000000000e680000)]
  0x000000000f54b000 JavaThread "Java2D Disposer" daemon [_thread_blocked, id=76092, stack(0x000000000e6d0000,0x000000000e750000)]
  0x000000000e46c800 JavaThread "Timer-0" [_thread_blocked, id=72000, stack(0x000000000e580000,0x000000000e600000)]
  0x000000000e433800 JavaThread "JMI Unnamed Thread" [_thread_in_native, id=125936, stack(0x0000000010f20000,0x0000000014f20000)]
  0x000000000d275000 JavaThread "Low Memory Detector" daemon [_thread_blocked, id=131768, stack(0x000000000d590000,0x000000000d610000)]
  0x000000000d273800 JavaThread "CompilerThread1" daemon [_thread_blocked, id=23276, stack(0x000000005cab0000,0x0000000060ab0000)]
  0x000000000d263800 JavaThread "CompilerThread0" daemon [_thread_blocked, id=65832, stack(0x0000000054e70000,0x0000000058e70000)]
  0x000000000d21f000 JavaThread "Attach Listener" daemon [_thread_blocked, id=86880, stack(0x000000000d670000,0x000000000d6f0000)]
  0x000000000d20b800 JavaThread "Finalizer" daemon [_thread_blocked, id=13572, stack(0x000000000d4a0000,0x000000000d520000)]
  0x000000000d205800 JavaThread "Reference Handler" daemon [_thread_blocked, id=16000, stack(0x000000000d360000,0x000000000d3e0000)]
  0x000000000501e800 JavaThread "main" [_thread_in_native, id=23196, stack(0x0000000000170000,0x0000000004170000)]

Other Threads:
  0x000000000d202000 VMThread [stack: 0x0000000050dc0000,0x0000000054dc0000] [id=29292]
  0x000000000d2a4000 WatcherThread [stack: 0x0000000066b40000,0x000000006ab40000] [id=35328]

VM state:not at safepoint (normal execution)

VM Mutex/Monitor currently owned by a thread: None

Heap
 PSYoungGen      total 16192K, used 8590K [0x000000003d810000, 0x000000003eab0000, 0x0000000040910000)
  eden space 13696K, 62% used [0x000000003d810000,0x000000003e05b9d8,0x000000003e570000)
  from space 2496K, 3% used [0x000000003e840000,0x000000003e858000,0x000000003eab0000)
  to   space 2688K, 0% used [0x000000003e570000,0x000000003e570000,0x000000003e810000)
 PSOldGen        total 150528K, used 145716K [0x0000000034510000, 0x000000003d810000, 0x000000003d810000)
  object space 150528K, 96% used [0x0000000034510000,0x000000003d35d2e8,0x000000003d810000)
 PSPermGen       total 110784K, used 76948K [0x000000002c510000, 0x0000000033140000, 0x0000000034510000)
  object space 110784K, 69% used [0x000000002c510000,0x0000000031035200,0x0000000033140000)

Dynamic libraries:
0x000000013fb90000 - 0x000000013fbb9000 	C:\Program Files\MATLAB\R2011b\bin\win64\MATLAB.exe
0x00000000779d0000 - 0x0000000077b79000 	C:\Windows\SYSTEM32\ntdll.dll
0x00000000778b0000 - 0x00000000779cf000 	C:\Windows\system32\kernel32.dll
0x000007fefdad0000 - 0x000007fefdb3b000 	C:\Windows\system32\KERNELBASE.dll
0x0000000064d00000 - 0x0000000064d3f000 	C:\Program Files\AVAST Software\Avast\snxhk64.dll
0x0000000074460000 - 0x0000000074563000 	C:\Program Files\MATLAB\R2011b\bin\win64\libut.dll
0x00000000758a0000 - 0x0000000075944000 	C:\Program Files\MATLAB\R2011b\bin\win64\libmwi18n.dll
0x0000000180000000 - 0x000000018000b000 	C:\Program Files\MATLAB\R2011b\bin\win64\libmwresource_core.dll
0x000000006fa70000 - 0x000000006fb43000 	C:\Windows\WinSxS\amd64_microsoft.vc90.crt_1fc8b3b9a1e18e3b_9.0.30729.6161_none_08e61857a83bc251\MSVCP90.dll
0x000000006f9c0000 - 0x000000006fa63000 	C:\Windows\WinSxS\amd64_microsoft.vc90.crt_1fc8b3b9a1e18e3b_9.0.30729.6161_none_08e61857a83bc251\MSVCR90.dll
0x000000007a170000 - 0x000000007a19c000 	C:\Program Files\MATLAB\R2011b\bin\win64\boost_filesystem-vc90-mt-1_44.dll
0x000000007a560000 - 0x000000007a569000 	C:\Program Files\MATLAB\R2011b\bin\win64\boost_system-vc90-mt-1_44.dll
0x000007feff690000 - 0x000007feff76b000 	C:\Windows\system32\ADVAPI32.dll
0x000007fefe860000 - 0x000007fefe8ff000 	C:\Windows\system32\msvcrt.dll
0x000007fefe5c0000 - 0x000007fefe5df000 	C:\Windows\SYSTEM32\sechost.dll
0x000007fefdbe0000 - 0x000007fefdd0d000 	C:\Windows\system32\RPCRT4.dll
0x000000007a010000 - 0x000000007a035000 	C:\Program Files\MATLAB\R2011b\bin\win64\LIBEXPAT.dll
0x0000000066270000 - 0x0000000066461000 	C:\Program Files\MATLAB\R2011b\bin\win64\icuin44.dll
0x00000000664f0000 - 0x0000000066661000 	C:\Program Files\MATLAB\R2011b\bin\win64\icuuc44.dll
0x0000000010000000 - 0x0000000010e41000 	C:\Program Files\MATLAB\R2011b\bin\win64\icudt44.dll
0x0000000073f70000 - 0x00000000740b5000 	C:\Program Files\MATLAB\R2011b\bin\win64\libmwfl.dll
0x000000007a350000 - 0x000000007a556000 	C:\Program Files\MATLAB\R2011b\bin\win64\libmwMATLAB_res.dll
0x0000000004180000 - 0x0000000004190000 	C:\Program Files\MATLAB\R2011b\bin\win64\boost_date_time-vc90-mt-1_44.dll
0x000000007a250000 - 0x000000007a263000 	C:\Program Files\MATLAB\R2011b\bin\win64\boost_signals-vc90-mt-1_44.dll
0x000000007a2d0000 - 0x000000007a2e2000 	C:\Program Files\MATLAB\R2011b\bin\win64\boost_thread-vc90-mt-1_44.dll
0x00000000041c0000 - 0x0000000004206000 	C:\Program Files\MATLAB\R2011b\bin\win64\tbb.dll
0x000007feff770000 - 0x000007feff789000 	C:\Windows\system32\imagehlp.dll
0x0000000077ba0000 - 0x0000000077ba7000 	C:\Windows\system32\PSAPI.DLL
0x00000000738c0000 - 0x00000000738d3000 	C:\Program Files\MATLAB\R2011b\bin\win64\icuio44.dll
0x000007fef8d10000 - 0x000007fef8e35000 	C:\Windows\system32\dbghelp.dll
0x00000000777b0000 - 0x00000000778aa000 	C:\Windows\system32\USER32.dll
0x000007fefe610000 - 0x000007fefe677000 	C:\Windows\system32\GDI32.dll
0x000007fefe150000 - 0x000007fefe15e000 	C:\Windows\system32\LPK.dll
0x000007fefdf20000 - 0x000007fefdfe9000 	C:\Windows\system32\USP10.dll
0x000000007bed0000 - 0x000000007c148000 	C:\Program Files\MATLAB\R2011b\bin\win64\libmwservices.dll
0x0000000075a20000 - 0x0000000075ad5000 	C:\Program Files\MATLAB\R2011b\bin\win64\libmx.dll
0x000000007a210000 - 0x000000007a228000 	C:\Program Files\MATLAB\R2011b\bin\win64\zlib1.dll
0x0000000074330000 - 0x0000000074453000 	C:\Program Files\MATLAB\R2011b\bin\win64\libmwmathutil.dll
0x0000000075f10000 - 0x0000000075f5d000 	C:\Program Files\MATLAB\R2011b\bin\win64\mpath.dll
0x000000007b680000 - 0x000000007bb4d000 	C:\Program Files\MATLAB\R2011b\bin\win64\mlutil.dll
0x0000000066a40000 - 0x0000000066abf000 	C:\Program Files\MATLAB\R2011b\bin\win64\xmlcore.dll
0x000000007bc30000 - 0x000000007be83000 	C:\Program Files\MATLAB\R2011b\bin\win64\xerces-c_2_7.dll
0x000007fefe790000 - 0x000007fefe7dd000 	C:\Windows\system32\WS2_32.dll
0x000007fefe200000 - 0x000007fefe208000 	C:\Windows\system32\NSI.dll
0x00000000043b0000 - 0x00000000043c6000 	C:\Program Files\MATLAB\R2011b\bin\win64\libmwsettings_res.dll
0x00000000043e0000 - 0x0000000004427000 	C:\Program Files\MATLAB\R2011b\bin\win64\boost_serialization-vc90-mt-1_44.dll
0x000007fefe900000 - 0x000007feff688000 	C:\Windows\system32\SHELL32.dll
0x000007fefe4e0000 - 0x000007fefe551000 	C:\Windows\system32\SHLWAPI.dll
0x000007fef9d30000 - 0x000007fef9dd0000 	C:\Windows\WinSxS\amd64_microsoft.windows.common-controls_6595b64144ccf1df_5.82.7601.17514_none_a4d6a923711520a9\COMCTL32.dll
0x000007fefe210000 - 0x000007fefe2a7000 	C:\Windows\system32\COMDLG32.dll
0x000007fefb540000 - 0x000007fefb556000 	C:\Windows\system32\NETAPI32.dll
0x000007fefb530000 - 0x000007fefb53c000 	C:\Windows\system32\netutils.dll
0x000007fefd2b0000 - 0x000007fefd2d3000 	C:\Windows\system32\srvcli.dll
0x000007fefb510000 - 0x000007fefb525000 	C:\Windows\system32\wkscli.dll
0x000007fefdd10000 - 0x000007fefdf13000 	C:\Windows\system32\ole32.dll
0x000007feff970000 - 0x000007feffa47000 	C:\Windows\system32\OLEAUT32.dll
0x0000000074970000 - 0x0000000074a41000 	C:\Program Files\MATLAB\R2011b\bin\win64\mcr.dll
0x0000000075000000 - 0x0000000075324000 	C:\Program Files\MATLAB\R2011b\bin\win64\iqm.dll
0x000000005c170000 - 0x000000005c940000 	C:\Program Files\MATLAB\R2011b\bin\win64\m_interpreter.dll
0x00000000738f0000 - 0x0000000073905000 	C:\Program Files\MATLAB\R2011b\bin\win64\libmex.dll
0x0000000066990000 - 0x0000000066a3e000 	C:\Program Files\MATLAB\R2011b\bin\win64\m_dispatcher.dll
0x0000000074880000 - 0x000000007496d000 	C:\Program Files\MATLAB\R2011b\bin\win64\boost_regex-vc90-mt-1_44.dll
0x00000000661e0000 - 0x0000000066264000 	C:\Program Files\MATLAB\R2011b\bin\win64\profiler.dll
0x0000000079f40000 - 0x0000000079f73000 	C:\Program Files\MATLAB\R2011b\bin\win64\libmwmathrng.dll
0x0000000074c10000 - 0x0000000074cea000 	C:\Program Files\MATLAB\R2011b\bin\win64\libmwmathcore.dll
0x0000000076160000 - 0x00000000761cb000 	C:\Program Files\MATLAB\R2011b\bin\win64\libmwspmatrix.dll
0x0000000075ea0000 - 0x0000000075f02000 	C:\Program Files\MATLAB\R2011b\bin\win64\libmwcholmod.dll
0x00000000044f0000 - 0x00000000044fd000 	C:\Program Files\MATLAB\R2011b\bin\win64\libmwamd.dll
0x0000000004510000 - 0x000000000451c000 	C:\Program Files\MATLAB\R2011b\bin\win64\libmwcolamd.dll
0x0000000072d50000 - 0x0000000072d69000 	C:\Program Files\MATLAB\R2011b\bin\win64\libmwblas.dll
0x00000000735b0000 - 0x00000000735c2000 	C:\Program Files\MATLAB\R2011b\bin\win64\libmwbinder.dll
0x00000000735f0000 - 0x00000000735fb000 	C:\Program Files\MATLAB\R2011b\bin\win64\libmwompwrapper.dll
0x0000000066150000 - 0x00000000661d2000 	C:\Program Files\MATLAB\R2011b\bin\win64\libmwlapack.dll
0x000000006d030000 - 0x000000006d051000 	C:\Program Files\MATLAB\R2011b\bin\win64\m_pcodeio.dll
0x0000000079b10000 - 0x0000000079b77000 	C:\Program Files\MATLAB\R2011b\bin\win64\m_ir.dll
0x0000000065b10000 - 0x0000000066150000 	C:\Program Files\MATLAB\R2011b\bin\win64\m_parser.dll
0x0000000072c40000 - 0x0000000072c5a000 	C:\Program Files\MATLAB\R2011b\bin\win64\ir_xfmr.dll
0x00000000651e0000 - 0x0000000065465000 	C:\Program Files\MATLAB\R2011b\bin\win64\mcos.dll
0x0000000073e50000 - 0x0000000073e5c000 	C:\Program Files\MATLAB\R2011b\bin\win64\mtok.dll
0x0000000066950000 - 0x0000000066981000 	C:\Program Files\MATLAB\R2011b\bin\win64\m_pcodegen.dll
0x0000000079fb0000 - 0x0000000079fe5000 	C:\Program Files\MATLAB\R2011b\bin\win64\libmwbridge.dll
0x0000000065630000 - 0x00000000656f8000 	C:\Program Files\MATLAB\R2011b\bin\win64\udd.dll
0x00000000654e0000 - 0x0000000065627000 	C:\Program Files\MATLAB\R2011b\bin\win64\libmwgui.dll
0x000000006f780000 - 0x000000006f797000 	C:\Program Files\MATLAB\R2011b\bin\win64\graphics_util.dll
0x000000005b7c0000 - 0x000000005c170000 	C:\Program Files\MATLAB\R2011b\bin\win64\hg.dll
0x0000000076100000 - 0x0000000076158000 	C:\Program Files\MATLAB\R2011b\bin\win64\libmat.dll
0x0000000004640000 - 0x0000000004854000 	C:\Program Files\MATLAB\R2011b\bin\win64\hdf5dll.dll
0x0000000075710000 - 0x000000007579d000 	C:\Program Files\MATLAB\R2011b\bin\win64\jmi.dll
0x0000000004880000 - 0x000000000488e000 	C:\Program Files\MATLAB\R2011b\bin\win64\nativejava_services.dll
0x0000000066830000 - 0x0000000066873000 	C:\Program Files\MATLAB\R2011b\bin\win64\libmwhardcopy.dll
0x0000000066480000 - 0x00000000664e3000 	C:\Program Files\MATLAB\R2011b\bin\win64\libuij.dll
0x0000000062d70000 - 0x0000000062f77000 	C:\Program Files\MATLAB\R2011b\bin\win64\hgdatatypes.dll
0x0000000062c70000 - 0x0000000062d69000 	C:\Program Files\MATLAB\R2011b\bin\win64\hgutils.dll
0x0000000065120000 - 0x00000000651dd000 	C:\Program Files\MATLAB\R2011b\bin\win64\udd_mi.dll
0x00000000048f0000 - 0x0000000004bb9000 	C:\Program Files\MATLAB\R2011b\bin\win64\uiw.dll
0x0000000072d80000 - 0x0000000072d8f000 	C:\Program Files\MATLAB\R2011b\bin\win64\uinone.dll
0x000007fef8720000 - 0x000007fef8738000 	C:\Windows\system32\MPR.dll
0x0000000059e30000 - 0x000000005a314000 	C:\Windows\WinSxS\amd64_microsoft.vc90.mfc_1fc8b3b9a1e18e3b_9.0.30729.6161_none_044aad0bab1eb146\mfc90.dll
0x000007fefae30000 - 0x000007fefae37000 	C:\Windows\system32\MSIMG32.dll
0x000007fef9cb0000 - 0x000007fef9d21000 	C:\Windows\system32\WINSPOOL.DRV
0x000000006b3f0000 - 0x000000006b411000 	C:\Program Files\MATLAB\R2011b\bin\win64\mwoles05.DLL
0x0000000064dd0000 - 0x0000000064e45000 	C:\Program Files\MATLAB\R2011b\bin\win64\comcli.dll
0x000000006b3b0000 - 0x000000006b3df000 	C:\Windows\WinSxS\amd64_microsoft.vc90.atl_1fc8b3b9a1e18e3b_9.0.30729.6161_none_0a1fd3a3a768b895\ATL90.DLL
0x0000000073300000 - 0x000000007330c000 	C:\Program Files\MATLAB\R2011b\bin\win64\mlautoregister.dll
0x0000000004c10000 - 0x0000000004c20000 	C:\Program Files\MATLAB\R2011b\bin\win64\boost_iostreams-vc90-mt-1_44.dll
0x000007fefe5e0000 - 0x000007fefe60e000 	C:\Windows\system32\IMM32.DLL
0x000007fefe680000 - 0x000007fefe789000 	C:\Windows\system32\MSCTF.dll
0x000007fefd6c0000 - 0x000007fefd706000 	C:\Windows\system32\nvinitx.dll
0x000000000f000000 - 0x000000000f006000 	C:\Program Files\NVIDIA Corporation\CoProcManager\_etoured.dll
0x000007fefa660000 - 0x000007fefa6b5000 	C:\Program Files\NVIDIA Corporation\CoProcManager\nvd3d9wrapx.dll
0x000007feff790000 - 0x000007feff967000 	C:\Windows\system32\SETUPAPI.dll
0x000007fefdb90000 - 0x000007fefdbc6000 	C:\Windows\system32\CFGMGR32.dll
0x000007fefdb70000 - 0x000007fefdb8a000 	C:\Windows\system32\DEVOBJ.dll
0x000007fefa5b0000 - 0x000007fefa5ed000 	C:\Program Files\NVIDIA Corporation\CoProcManager\nvdxgiwrapx.dll
0x000007fefbdc0000 - 0x000007fefbe16000 	C:\Windows\system32\UxTheme.dll
0x000007fefb9c0000 - 0x000007fefb9d8000 	C:\Windows\system32\dwmapi.dll
0x0000000072c80000 - 0x0000000072c8d000 	C:\Windows\WinSxS\amd64_microsoft.vc90.mfcloc_1fc8b3b9a1e18e3b_9.0.30729.6161_none_01c9581e60cbee58\MFC90ENU.DLL
0x0000000004fe0000 - 0x0000000005009000 	C:\Program Files\MATLAB\R2011b\bin\win64\tbbmalloc.dll
0x000007fef50e0000 - 0x000007fef5108000 	C:\Program Files (x86)\Common Files\Spigot\Search Settings\wthx171.dll
0x000007fefd710000 - 0x000007fefd71f000 	C:\Windows\system32\profapi.dll
0x000007fefb170000 - 0x000007fefb197000 	C:\Windows\system32\iphlpapi.dll
0x000007fefb160000 - 0x000007fefb16b000 	C:\Windows\system32\WINNSI.DLL
0x000007fefcdc0000 - 0x000007fefce1b000 	C:\Windows\system32\DNSAPI.dll
0x000007fefae60000 - 0x000007fefae71000 	C:\Windows\system32\dhcpcsvc6.DLL
0x000007fefadf0000 - 0x000007fefae08000 	C:\Windows\system32\dhcpcsvc.DLL
0x0000000072c30000 - 0x0000000072c33000 	C:\Windows\system32\icmp.Dll
0x000007fefd690000 - 0x000007fefd69f000 	C:\Windows\system32\CRYPTBASE.dll
0x0000000006a60000 - 0x0000000006aa4000 	C:\Program Files\Acer\Acer PowerSmart Manager\SysHook.dll

VM Arguments:
jvm_args: -Xss512k -XX:PermSize=32m -Xms64m -XX:NewRatio=3 -XX:MaxPermSize=128m -Xmx196m -XX:MaxDirectMemorySize=2147400000 -Dsun.java2d.noddraw=true -Dsun.awt.nopixfmt=true -Xshare:off -Xrs -Dsun.awt.disableMixing=true -Djava.library.path=C:\Program Files\MATLAB\R2011b\bin\win64 vfprintf abort 
java_command: <unknown>
Launcher Type: generic

Environment Variables:
CLASSPATH=.;C:\Program Files (x86)\Java\jre7\lib\ext\QTJava.zip
PATH=ommonProgramFiles\Microsoft Shared\Windows Live;C:\Program Files (x86)\NVIDIA Corporation\PhysX\Common;C:\Program Files (x86)\MiKTeX 2.9\miktex\bin;C:\Windows\system32;C:\Windows;C:\Windows\System32\Wbem;C:\Windows\System32\WindowsPowerShell\v1.0\;C:\Program Files (x86)\Microsoft SQL Server\100\Tools\Binn\;C:\Program Files\Microsoft SQL Server\100\Tools\Binn\;C:\Program Files\Microsoft SQL Server\100\DTS\Binn\;C:\Program Files\MATLAB\R2011b\runtime\win64;C:\Program Files\MATLAB\R2011b\bin;C:\Program Files (x86)\QuickTime\QTSystem\;C:\Program Files\Common Files\Microsoft Shared\Windows Live;.;
USERNAME=George
OS=Windows_NT
PROCESSOR_IDENTIFIER=Intel64 Family 6 Model 42 Stepping 7, GenuineIntel



---------------  S Y S T E M  ---------------

OS: Windows 7 Build 7601 Service Pack 1

CPU:total 4 (8 cores per cpu, 2 threads per core) family 6 model 42 stepping 7, cmov, cx8, fxsr, mmx, sse, sse2, sse3, ssse3, sse4.1, sse4.2, ht

Memory: 4k page, physical 8236912k(883556k free), swap 17481108k(4574488k free)

vm_info: Java HotSpot(TM) 64-Bit Server VM (14.3-b01) for windows-amd64 JRE (1.6.0_17-b04), built on Oct 11 2009 00:46:08 by "java_re" with MS VC++ 8.0

time: Fri Nov 15 04:34:49 2013
elapsed time: 40789 seconds

