#
# A fatal error has been detected by the Java Runtime Environment:
#
#  EXCEPTION_ACCESS_VIOLATION (0xc0000005) at pc=0x000000007322c750, pid=36708, tid=28356
#
# JRE version: 6.0_17-b04
# Java VM: Java HotSpot(TM) 64-Bit Server VM (14.3-b01 mixed mode windows-amd64 )
# Problematic frame:
# C  0x000000007322c750
#
# If you would like to submit a bug report, please visit:
#   http://java.sun.com/webapps/bugreport/crash.jsp
# The crash happened outside the Java Virtual Machine in native code.
# See problematic frame for where to report the bug.
#

---------------  T H R E A D  ---------------

Current thread (0x000000000e6f1000):  JavaThread "AWT-EventQueue-0" [_thread_in_native, id=28356, stack(0x000000000f9f0000,0x000000000fa70000)]

siginfo: ExceptionCode=0xc0000005, reading address 0x0000000000000008

Registers:
EAX=0x000000000000000d, EBX=0x000000000e6f11b8, ECX=0x0000000000000000, EDX=0xffffffffc60122cf
ESP=0x000000000fa6e058, EBP=0x000000000d453d00, ESI=0x000000000e6f11b8, EDI=0x000000000ed3e460
EIP=0x000000007322c750, EFLAGS=0x0000000000010206

Top of Stack: (sp=0x000000000fa6e058)
0x000000000fa6e058:   00000000731d589c 0000000000000000
0x000000000fa6e068:   000000000e6f11b8 000000000d453d00
0x000000000fa6e078:   000000000e6f11b8 00000000345a1160
0x000000000fa6e088:   000000000e6f11b8 000000002d17a8a0
0x000000000fa6e098:   00000000731b3810 000000000e6f11b8
0x000000000fa6e0a8:   000000000fa6e778 000000000fa6e7f0
0x000000000fa6e0b8:   000000000d453d00 0000000000000006
0x000000000fa6e0c8:   00000000731d2151 000000000000000a
0x000000000fa6e0d8:   000000000fa6e7e8 0000000000000000
0x000000000fa6e0e8:   000000000fa6e7f0 0000000000000000
0x000000000fa6e0f8:   0000000000000000 0000000034523650
0x000000000fa6e108:   0000000034511948 0000037c00000006
0x000000000fa6e118:   0000000034525e08 0000000000000000
0x000000000fa6e128:   0000000034e180a0 000000003a83f048
0x000000000fa6e138:   0000000034d61900 0000000034e93fe8
0x000000000fa6e148:   0000000a0000000c 000000003a49dbe8 

Instructions: (pc=0x000000007322c750)
0x000000007322c740:   48 8b 41 08 48 8b 80 18 0c 00 00 c3 cc cc cc cc
0x000000007322c750:   48 8b 49 08 48 85 c9 74 05 e9 72 f6 fd ff 33 c0 


Stack: [0x000000000f9f0000,0x000000000fa70000],  sp=0x000000000fa6e058,  free space=504k
Native frames: (J=compiled Java code, j=interpreted, Vv=VM code, C=native code)
C  0x000000007322c750

Java frames: (J=compiled Java code, j=interpreted, Vv=VM code)
j  sun.java2d.windows.GDIBlitLoops.nativeBlit(Lsun/java2d/SurfaceData;Lsun/java2d/SurfaceData;Lsun/java2d/pipe/Region;IIIIIIIIIZ)V+0
j  sun.java2d.windows.GDIBlitLoops.Blit(Lsun/java2d/SurfaceData;Lsun/java2d/SurfaceData;Ljava/awt/Composite;Lsun/java2d/pipe/Region;IIIIII)V+33
j  sun.java2d.pipe.DrawImage.blitSurfaceData(Lsun/java2d/SunGraphics2D;Lsun/java2d/pipe/Region;Lsun/java2d/SurfaceData;Lsun/java2d/SurfaceData;Lsun/java2d/loops/SurfaceType;Lsun/java2d/loops/SurfaceType;IIIIIILjava/awt/Color;)V+97
j  sun.java2d.pipe.DrawImage.renderImageCopy(Lsun/java2d/SunGraphics2D;Ljava/awt/Image;Ljava/awt/Color;IIIIII)Z+75
j  sun.java2d.pipe.DrawImage.copyImage(Lsun/java2d/SunGraphics2D;Ljava/awt/Image;IIIIIILjava/awt/Color;)Z+33
j  sun.java2d.pipe.DrawImage.copyImage(Lsun/java2d/SunGraphics2D;Ljava/awt/Image;IIIIIILjava/awt/Color;Ljava/awt/image/ImageObserver;)Z+23
j  sun.java2d.pipe.ValidatePipe.copyImage(Lsun/java2d/SunGraphics2D;Ljava/awt/Image;IIIIIILjava/awt/Color;Ljava/awt/image/ImageObserver;)Z+29
j  sun.java2d.SunGraphics2D.copyImage(Ljava/awt/Image;IIIIIILjava/awt/Color;Ljava/awt/image/ImageObserver;)Z+20
j  sun.java2d.SunGraphics2D.drawImage(Ljava/awt/Image;IIIIIIIILjava/awt/Color;Ljava/awt/image/ImageObserver;)Z+154
J  java.awt.Component$BltBufferStrategy.showSubRegion(IIII)V
j  java.awt.Component$BltSubRegionBufferStrategy.show(IIII)V+6
j  javax.swing.BufferStrategyPaintManager.flushAccumulatedRegion()Z+48
j  javax.swing.BufferStrategyPaintManager.endPaint()V+84
j  javax.swing.RepaintManager.endPaint()V+47
J  javax.swing.JComponent.paint(Ljava/awt/Graphics;)V
j  java.awt.GraphicsCallback$PaintCallback.run(Ljava/awt/Component;Ljava/awt/Graphics;)V+2
j  sun.awt.SunGraphicsCallback.runOneComponent(Ljava/awt/Component;Ljava/awt/Rectangle;Ljava/awt/Graphics;Ljava/awt/Shape;I)V+155
j  sun.awt.SunGraphicsCallback.runComponents([Ljava/awt/Component;Ljava/awt/Graphics;I)V+104
j  java.awt.Container.paint(Ljava/awt/Graphics;)V+73
J  javax.swing.RepaintManager.paintDirtyRegions(Ljava/util/Map;)V
j  javax.swing.RepaintManager.paintDirtyRegions()V+46
j  javax.swing.RepaintManager.seqPaintDirtyRegions()V+73
j  javax.swing.SystemEventQueueUtilities$ComponentWorkRequest.run()V+36
J  java.awt.EventDispatchThread.pumpOneEventForFilters(I)Z
J  java.awt.EventDispatchThread.pumpEventsForFilter(ILjava/awt/Conditional;Ljava/awt/EventFilter;)V
j  java.awt.EventDispatchThread.pumpEventsForHierarchy(ILjava/awt/Conditional;Ljava/awt/Component;)V+11
j  java.awt.EventDispatchThread.pumpEvents(ILjava/awt/Conditional;)V+4
j  java.awt.EventDispatchThread.pumpEvents(Ljava/awt/Conditional;)V+3
j  java.awt.EventDispatchThread.run()V+9
v  ~StubRoutines::call_stub

---------------  P R O C E S S  ---------------

Java Threads: ( => current thread )
  0x0000000062162800 JavaThread "Timer-2052" [_thread_blocked, id=10336, stack(0x0000000027ab0000,0x0000000027b30000)]
  0x0000000062165800 JavaThread "FileDecorationCache request queue" [_thread_blocked, id=35064, stack(0x0000000027470000,0x00000000274f0000)]
  0x000000000e3fd000 JavaThread "Foxtrot Single Worker Thread #1" daemon [_thread_blocked, id=21360, stack(0x0000000026d50000,0x0000000026dd0000)]
  0x000000000e3fc800 JavaThread "Timer queue for AWT thread" daemon [_thread_blocked, id=33904, stack(0x0000000027670000,0x00000000276f0000)]
  0x000000000e3fb000 JavaThread "Code Analyzer updating thread" [_thread_blocked, id=34892, stack(0x0000000059d90000,0x0000000059e10000)]
  0x000000000e3fa800 JavaThread "Code Analyzer updating thread" [_thread_blocked, id=24180, stack(0x0000000054c80000,0x0000000054d00000)]
  0x000000000e3f9800 JavaThread "Code Analyzer updating thread" [_thread_blocked, id=35600, stack(0x000000004fe30000,0x000000004feb0000)]
  0x000000000e3f9000 JavaThread "Code Analyzer updating thread" [_thread_blocked, id=30728, stack(0x0000000050050000,0x00000000500d0000)]
  0x000000000e3f8000 JavaThread "Code Analyzer updating thread" [_thread_blocked, id=28680, stack(0x0000000050b10000,0x0000000050b90000)]
  0x000000000e3f7800 JavaThread "Code Analyzer updating thread" [_thread_blocked, id=28676, stack(0x00000000448f0000,0x0000000044970000)]
  0x000000000e3f6800 JavaThread "RequestQueue for GenericFileList" [_thread_blocked, id=26404, stack(0x000000004ff70000,0x000000004fff0000)]
  0x000000000e3f6000 JavaThread "Code Analyzer updating thread" [_thread_blocked, id=13648, stack(0x000000004fd50000,0x000000004fdd0000)]
  0x000000000e3f5000 JavaThread "Active Reference Queue Daemon" daemon [_thread_blocked, id=16188, stack(0x0000000048a80000,0x0000000048b00000)]
  0x000000000e3f4800 JavaThread "Timer-8" daemon [_thread_blocked, id=19816, stack(0x000000000fbc0000,0x000000000fc40000)]
  0x000000000e3f2800 JavaThread "Timer-7" daemon [_thread_blocked, id=14728, stack(0x00000000252b0000,0x0000000025330000)]
  0x000000000e3f1000 JavaThread "Prefs Updater" daemon [_thread_blocked, id=19104, stack(0x0000000025220000,0x00000000252a0000)]
  0x000000000e3ee000 JavaThread "Timer-1" [_thread_blocked, id=30388, stack(0x0000000040800000,0x0000000040880000)]
  0x000000000e3f0000 JavaThread "FelixPackageAdmin" daemon [_thread_blocked, id=11052, stack(0x000000000f3b0000,0x000000000f430000)]
  0x000000000e3ef800 JavaThread "FelixStartLevel" daemon [_thread_blocked, id=23716, stack(0x000000001d150000,0x000000001d1d0000)]
  0x000000000e3ee800 JavaThread "FelixDispatchQueue" daemon [_thread_blocked, id=35072, stack(0x0000000014f80000,0x0000000015000000)]
  0x000000000e743000 JavaThread "TimerQueue" daemon [_thread_blocked, id=27324, stack(0x000000000f1a0000,0x000000000f220000)]
=>0x000000000e6f1000 JavaThread "AWT-EventQueue-0" [_thread_in_native, id=28356, stack(0x000000000f9f0000,0x000000000fa70000)]
  0x000000000e477800 JavaThread "com.google.common.base.internal.Finalizer" daemon [_thread_blocked, id=8708, stack(0x000000000f7c0000,0x000000000f840000)]
  0x000000000e476800 JavaThread "AWT-Shutdown" [_thread_blocked, id=36496, stack(0x000000000f6b0000,0x000000000f730000)]
  0x000000000e480000 JavaThread "AWT-Windows" daemon [_thread_in_native, id=29368, stack(0x000000000f4e0000,0x000000000f560000)]
  0x000000000e2d3800 JavaThread "Java2D Disposer" daemon [_thread_blocked, id=27588, stack(0x000000000f240000,0x000000000f2c0000)]
  0x000000000e058800 JavaThread "Timer-0" [_thread_blocked, id=29952, stack(0x000000000f120000,0x000000000f1a0000)]
  0x000000000df5a800 JavaThread "JMI Unnamed Thread" [_thread_in_native, id=25008, stack(0x0000000010e70000,0x0000000014e70000)]
  0x000000000cfe5000 JavaThread "Low Memory Detector" daemon [_thread_blocked, id=20400, stack(0x000000000d2a0000,0x000000000d320000)]
  0x000000000cfdf800 JavaThread "CompilerThread1" daemon [_thread_blocked, id=21704, stack(0x0000000080000000,0x0000000084000000)]
  0x000000000cfd3800 JavaThread "CompilerThread0" daemon [_thread_blocked, id=9688, stack(0x000000005b3d0000,0x000000005f3d0000)]
  0x000000000cf8f000 JavaThread "Attach Listener" daemon [_thread_blocked, id=29540, stack(0x000000000d320000,0x000000000d3a0000)]
  0x0000000004dfa800 JavaThread "Finalizer" daemon [_thread_blocked, id=23072, stack(0x000000000d1a0000,0x000000000d220000)]
  0x000000000cf75800 JavaThread "Reference Handler" daemon [_thread_blocked, id=13456, stack(0x000000000d110000,0x000000000d190000)]
  0x0000000004ece800 JavaThread "main" [_thread_in_native, id=14984, stack(0x0000000000170000,0x0000000004170000)]

Other Threads:
  0x000000000cf72000 VMThread [stack: 0x0000000054dc0000,0x0000000058dc0000] [id=16876]
  0x000000000d014000 WatcherThread [stack: 0x00000000840f0000,0x00000000880f0000] [id=33896]

VM state:not at safepoint (normal execution)

VM Mutex/Monitor currently owned by a thread: None

Heap
 PSYoungGen      total 15616K, used 13401K [0x000000003d6c0000, 0x000000003e6c0000, 0x00000000407c0000)
  eden space 14912K, 87% used [0x000000003d6c0000,0x000000003e38e688,0x000000003e550000)
  from space 704K, 40% used [0x000000003e550000,0x000000003e598000,0x000000003e600000)
  to   space 704K, 0% used [0x000000003e610000,0x000000003e610000,0x000000003e6c0000)
 PSOldGen        total 125824K, used 106904K [0x00000000343c0000, 0x000000003bea0000, 0x000000003d6c0000)
  object space 125824K, 84% used [0x00000000343c0000,0x000000003ac261b8,0x000000003bea0000)
 PSPermGen       total 96768K, used 69651K [0x000000002c3c0000, 0x0000000032240000, 0x00000000343c0000)
  object space 96768K, 71% used [0x000000002c3c0000,0x00000000307c4f38,0x0000000032240000)

Dynamic libraries:
0x000000013fd20000 - 0x000000013fd49000 	C:\Program Files\MATLAB\R2011b\bin\win64\MATLAB.exe
0x0000000077c50000 - 0x0000000077df9000 	C:\Windows\SYSTEM32\ntdll.dll
0x0000000077b30000 - 0x0000000077c4f000 	C:\Windows\system32\kernel32.dll
0x000007fefdd70000 - 0x000007fefdddb000 	C:\Windows\system32\KERNELBASE.dll
0x0000000064d00000 - 0x0000000064d3f000 	C:\Program Files\AVAST Software\Avast\snxhk64.dll
0x0000000074460000 - 0x0000000074563000 	C:\Program Files\MATLAB\R2011b\bin\win64\libut.dll
0x00000000758a0000 - 0x0000000075944000 	C:\Program Files\MATLAB\R2011b\bin\win64\libmwi18n.dll
0x0000000180000000 - 0x000000018000b000 	C:\Program Files\MATLAB\R2011b\bin\win64\libmwresource_core.dll
0x000000006f440000 - 0x000000006f513000 	C:\Windows\WinSxS\amd64_microsoft.vc90.crt_1fc8b3b9a1e18e3b_9.0.30729.6161_none_08e61857a83bc251\MSVCP90.dll
0x000000006f390000 - 0x000000006f433000 	C:\Windows\WinSxS\amd64_microsoft.vc90.crt_1fc8b3b9a1e18e3b_9.0.30729.6161_none_08e61857a83bc251\MSVCR90.dll
0x000000007a170000 - 0x000000007a19c000 	C:\Program Files\MATLAB\R2011b\bin\win64\boost_filesystem-vc90-mt-1_44.dll
0x000000007a560000 - 0x000000007a569000 	C:\Program Files\MATLAB\R2011b\bin\win64\boost_system-vc90-mt-1_44.dll
0x000007feffe80000 - 0x000007fefff5b000 	C:\Windows\system32\ADVAPI32.dll
0x000007fefdf00000 - 0x000007fefdf9f000 	C:\Windows\system32\msvcrt.dll
0x000007feff860000 - 0x000007feff87f000 	C:\Windows\SYSTEM32\sechost.dll
0x000007fefe0c0000 - 0x000007fefe1ed000 	C:\Windows\system32\RPCRT4.dll
0x000000007a010000 - 0x000000007a035000 	C:\Program Files\MATLAB\R2011b\bin\win64\LIBEXPAT.dll
0x000000006c110000 - 0x000000006c301000 	C:\Program Files\MATLAB\R2011b\bin\win64\icuin44.dll
0x000000006c6a0000 - 0x000000006c811000 	C:\Program Files\MATLAB\R2011b\bin\win64\icuuc44.dll
0x0000000010000000 - 0x0000000010e41000 	C:\Program Files\MATLAB\R2011b\bin\win64\icudt44.dll
0x0000000073f70000 - 0x00000000740b5000 	C:\Program Files\MATLAB\R2011b\bin\win64\libmwfl.dll
0x000000007a350000 - 0x000000007a556000 	C:\Program Files\MATLAB\R2011b\bin\win64\libmwMATLAB_res.dll
0x0000000004180000 - 0x0000000004190000 	C:\Program Files\MATLAB\R2011b\bin\win64\boost_date_time-vc90-mt-1_44.dll
0x000000007a250000 - 0x000000007a263000 	C:\Program Files\MATLAB\R2011b\bin\win64\boost_signals-vc90-mt-1_44.dll
0x000000007a2d0000 - 0x000000007a2e2000 	C:\Program Files\MATLAB\R2011b\bin\win64\boost_thread-vc90-mt-1_44.dll
0x00000000041c0000 - 0x0000000004206000 	C:\Program Files\MATLAB\R2011b\bin\win64\tbb.dll
0x000007fefe020000 - 0x000007fefe039000 	C:\Windows\system32\imagehlp.dll
0x0000000077e10000 - 0x0000000077e17000 	C:\Windows\system32\PSAPI.DLL
0x0000000073db0000 - 0x0000000073dc3000 	C:\Program Files\MATLAB\R2011b\bin\win64\icuio44.dll
0x000007fef8f90000 - 0x000007fef90b5000 	C:\Windows\system32\dbghelp.dll
0x0000000077a30000 - 0x0000000077b2a000 	C:\Windows\system32\USER32.dll
0x000007fefe200000 - 0x000007fefe267000 	C:\Windows\system32\GDI32.dll
0x000007fefe1f0000 - 0x000007fefe1fe000 	C:\Windows\system32\LPK.dll
0x000007feff110000 - 0x000007feff1d9000 	C:\Windows\system32\USP10.dll
0x000000007bed0000 - 0x000000007c148000 	C:\Program Files\MATLAB\R2011b\bin\win64\libmwservices.dll
0x0000000075a20000 - 0x0000000075ad5000 	C:\Program Files\MATLAB\R2011b\bin\win64\libmx.dll
0x000000007a210000 - 0x000000007a228000 	C:\Program Files\MATLAB\R2011b\bin\win64\zlib1.dll
0x0000000074330000 - 0x0000000074453000 	C:\Program Files\MATLAB\R2011b\bin\win64\libmwmathutil.dll
0x0000000075f10000 - 0x0000000075f5d000 	C:\Program Files\MATLAB\R2011b\bin\win64\mpath.dll
0x000000007b680000 - 0x000000007bb4d000 	C:\Program Files\MATLAB\R2011b\bin\win64\mlutil.dll
0x000000006f110000 - 0x000000006f18f000 	C:\Program Files\MATLAB\R2011b\bin\win64\xmlcore.dll
0x000000007bc30000 - 0x000000007be83000 	C:\Program Files\MATLAB\R2011b\bin\win64\xerces-c_2_7.dll
0x000007fefe040000 - 0x000007fefe08d000 	C:\Windows\system32\WS2_32.dll
0x000007feffa90000 - 0x000007feffa98000 	C:\Windows\system32\NSI.dll
0x00000000043b0000 - 0x00000000043c6000 	C:\Program Files\MATLAB\R2011b\bin\win64\libmwsettings_res.dll
0x00000000043e0000 - 0x0000000004427000 	C:\Program Files\MATLAB\R2011b\bin\win64\boost_serialization-vc90-mt-1_44.dll
0x000007fefe380000 - 0x000007feff108000 	C:\Windows\system32\SHELL32.dll
0x000007fefdfa0000 - 0x000007fefe011000 	C:\Windows\system32\SHLWAPI.dll
0x000007fefaa50000 - 0x000007fefaaf0000 	C:\Windows\WinSxS\amd64_microsoft.windows.common-controls_6595b64144ccf1df_5.82.7601.17514_none_a4d6a923711520a9\COMCTL32.dll
0x000007feffaa0000 - 0x000007feffb37000 	C:\Windows\system32\COMDLG32.dll
0x000007fefb920000 - 0x000007fefb936000 	C:\Windows\system32\NETAPI32.dll
0x000007fefb910000 - 0x000007fefb91c000 	C:\Windows\system32\netutils.dll
0x000007fefd4c0000 - 0x000007fefd4e3000 	C:\Windows\system32\srvcli.dll
0x000007fefb8f0000 - 0x000007fefb905000 	C:\Windows\system32\wkscli.dll
0x000007feff880000 - 0x000007feffa83000 	C:\Windows\system32\ole32.dll
0x000007feff780000 - 0x000007feff857000 	C:\Windows\system32\OLEAUT32.dll
0x0000000074970000 - 0x0000000074a41000 	C:\Program Files\MATLAB\R2011b\bin\win64\mcr.dll
0x0000000075000000 - 0x0000000075324000 	C:\Program Files\MATLAB\R2011b\bin\win64\iqm.dll
0x000000005ab00000 - 0x000000005b2d0000 	C:\Program Files\MATLAB\R2011b\bin\win64\m_interpreter.dll
0x0000000073d90000 - 0x0000000073da5000 	C:\Program Files\MATLAB\R2011b\bin\win64\libmex.dll
0x000000006ed90000 - 0x000000006ee3e000 	C:\Program Files\MATLAB\R2011b\bin\win64\m_dispatcher.dll
0x0000000074880000 - 0x000000007496d000 	C:\Program Files\MATLAB\R2011b\bin\win64\boost_regex-vc90-mt-1_44.dll
0x000000006ed00000 - 0x000000006ed84000 	C:\Program Files\MATLAB\R2011b\bin\win64\profiler.dll
0x0000000079f40000 - 0x0000000079f73000 	C:\Program Files\MATLAB\R2011b\bin\win64\libmwmathrng.dll
0x0000000074c10000 - 0x0000000074cea000 	C:\Program Files\MATLAB\R2011b\bin\win64\libmwmathcore.dll
0x0000000076160000 - 0x00000000761cb000 	C:\Program Files\MATLAB\R2011b\bin\win64\libmwspmatrix.dll
0x0000000075ea0000 - 0x0000000075f02000 	C:\Program Files\MATLAB\R2011b\bin\win64\libmwcholmod.dll
0x00000000044f0000 - 0x00000000044fd000 	C:\Program Files\MATLAB\R2011b\bin\win64\libmwamd.dll
0x0000000004510000 - 0x000000000451c000 	C:\Program Files\MATLAB\R2011b\bin\win64\libmwcolamd.dll
0x0000000073d70000 - 0x0000000073d89000 	C:\Program Files\MATLAB\R2011b\bin\win64\libmwblas.dll
0x0000000070840000 - 0x0000000070852000 	C:\Program Files\MATLAB\R2011b\bin\win64\libmwbinder.dll
0x0000000073d60000 - 0x0000000073d6b000 	C:\Program Files\MATLAB\R2011b\bin\win64\libmwompwrapper.dll
0x000000006c450000 - 0x000000006c4d2000 	C:\Program Files\MATLAB\R2011b\bin\win64\libmwlapack.dll
0x000000006f0e0000 - 0x000000006f101000 	C:\Program Files\MATLAB\R2011b\bin\win64\m_pcodeio.dll
0x0000000079b10000 - 0x0000000079b77000 	C:\Program Files\MATLAB\R2011b\bin\win64\m_ir.dll
0x0000000059fa0000 - 0x000000005a5e0000 	C:\Program Files\MATLAB\R2011b\bin\win64\m_parser.dll
0x000000006ece0000 - 0x000000006ecfa000 	C:\Program Files\MATLAB\R2011b\bin\win64\ir_xfmr.dll
0x000000006ba30000 - 0x000000006bcb5000 	C:\Program Files\MATLAB\R2011b\bin\win64\mcos.dll
0x0000000073660000 - 0x000000007366c000 	C:\Program Files\MATLAB\R2011b\bin\win64\mtok.dll
0x000000006c410000 - 0x000000006c441000 	C:\Program Files\MATLAB\R2011b\bin\win64\m_pcodegen.dll
0x0000000079fb0000 - 0x0000000079fe5000 	C:\Program Files\MATLAB\R2011b\bin\win64\libmwbridge.dll
0x000000006c040000 - 0x000000006c108000 	C:\Program Files\MATLAB\R2011b\bin\win64\udd.dll
0x000000006aeb0000 - 0x000000006aff7000 	C:\Program Files\MATLAB\R2011b\bin\win64\libmwgui.dll
0x000000006ecc0000 - 0x000000006ecd7000 	C:\Program Files\MATLAB\R2011b\bin\win64\graphics_util.dll
0x00000000500e0000 - 0x0000000050a90000 	C:\Program Files\MATLAB\R2011b\bin\win64\hg.dll
0x0000000076100000 - 0x0000000076158000 	C:\Program Files\MATLAB\R2011b\bin\win64\libmat.dll
0x0000000072d30000 - 0x0000000072f44000 	C:\Program Files\MATLAB\R2011b\bin\win64\hdf5dll.dll
0x0000000075710000 - 0x000000007579d000 	C:\Program Files\MATLAB\R2011b\bin\win64\jmi.dll
0x0000000004660000 - 0x000000000466e000 	C:\Program Files\MATLAB\R2011b\bin\win64\nativejava_services.dll
0x000000006c3c0000 - 0x000000006c403000 	C:\Program Files\MATLAB\R2011b\bin\win64\libmwhardcopy.dll
0x000000006bfd0000 - 0x000000006c033000 	C:\Program Files\MATLAB\R2011b\bin\win64\libuij.dll
0x000000006aca0000 - 0x000000006aea7000 	C:\Program Files\MATLAB\R2011b\bin\win64\hgdatatypes.dll
0x000000006aba0000 - 0x000000006ac99000 	C:\Program Files\MATLAB\R2011b\bin\win64\hgutils.dll
0x000000006aa40000 - 0x000000006aafd000 	C:\Program Files\MATLAB\R2011b\bin\win64\udd_mi.dll
0x00000000046d0000 - 0x0000000004999000 	C:\Program Files\MATLAB\R2011b\bin\win64\uiw.dll
0x000000006f8f0000 - 0x000000006f8ff000 	C:\Program Files\MATLAB\R2011b\bin\win64\uinone.dll
0x000007fef88c0000 - 0x000007fef88d8000 	C:\Windows\system32\MPR.dll
0x0000000062de0000 - 0x00000000632c4000 	C:\Windows\WinSxS\amd64_microsoft.vc90.mfc_1fc8b3b9a1e18e3b_9.0.30729.6161_none_044aad0bab1eb146\mfc90.dll
0x000007fefac30000 - 0x000007fefac37000 	C:\Windows\system32\MSIMG32.dll
0x000007fefa9d0000 - 0x000007fefaa41000 	C:\Windows\system32\WINSPOOL.DRV
0x000000006dab0000 - 0x000000006dad1000 	C:\Program Files\MATLAB\R2011b\bin\win64\mwoles05.DLL
0x00000000684b0000 - 0x0000000068525000 	C:\Program Files\MATLAB\R2011b\bin\win64\comcli.dll
0x000000006b050000 - 0x000000006b07f000 	C:\Windows\WinSxS\amd64_microsoft.vc90.atl_1fc8b3b9a1e18e3b_9.0.30729.6161_none_0a1fd3a3a768b895\ATL90.DLL
0x000000006f330000 - 0x000000006f33c000 	C:\Program Files\MATLAB\R2011b\bin\win64\mlautoregister.dll
0x00000000049f0000 - 0x0000000004a00000 	C:\Program Files\MATLAB\R2011b\bin\win64\boost_iostreams-vc90-mt-1_44.dll
0x000007fefe090000 - 0x000007fefe0be000 	C:\Windows\system32\IMM32.DLL
0x000007fefe270000 - 0x000007fefe379000 	C:\Windows\system32\MSCTF.dll
0x000007fefd940000 - 0x000007fefd986000 	C:\Windows\system32\nvinitx.dll
0x000000000f000000 - 0x000000000f006000 	C:\Program Files\NVIDIA Corporation\CoProcManager\_etoured.dll
0x000007fefb1a0000 - 0x000007fefb1f5000 	C:\Program Files\NVIDIA Corporation\CoProcManager\nvd3d9wrapx.dll
0x000007feffb40000 - 0x000007feffd17000 	C:\Windows\system32\SETUPAPI.dll
0x000007fefdde0000 - 0x000007fefde16000 	C:\Windows\system32\CFGMGR32.dll
0x000007fefdd40000 - 0x000007fefdd5a000 	C:\Windows\system32\DEVOBJ.dll
0x000007fefb120000 - 0x000007fefb15d000 	C:\Program Files\NVIDIA Corporation\CoProcManager\nvdxgiwrapx.dll
0x000007fefc280000 - 0x000007fefc2d6000 	C:\Windows\system32\UxTheme.dll
0x000007fefbe40000 - 0x000007fefbe58000 	C:\Windows\system32\dwmapi.dll
0x000000006d8f0000 - 0x000000006d8fd000 	C:\Windows\WinSxS\amd64_microsoft.vc90.mfcloc_1fc8b3b9a1e18e3b_9.0.30729.6161_none_01c9581e60cbee58\MFC90ENU.DLL
0x0000000004e30000 - 0x0000000004e59000 	C:\Program Files\MATLAB\R2011b\bin\win64\tbbmalloc.dll
0x000007fef0440000 - 0x000007fef0468000 	C:\Program Files (x86)\Common Files\Spigot\Search Settings\wthx176.dll
0x000007fefd990000 - 0x000007fefd99f000 	C:\Windows\system32\profapi.dll
0x000007fefb170000 - 0x000007fefb197000 	C:\Windows\system32\iphlpapi.dll
0x000007fefb160000 - 0x000007fefb16b000 	C:\Windows\system32\WINNSI.DLL
0x000007fefd0d0000 - 0x000007fefd12b000 	C:\Windows\system32\DNSAPI.dll
0x000007fefab10000 - 0x000007fefab28000 	C:\Windows\system32\dhcpcsvc.DLL
0x000007fefaaf0000 - 0x000007fefab01000 	C:\Windows\system32\dhcpcsvc6.DLL
0x000000006c690000 - 0x000000006c693000 	C:\Windows\system32\icmp.Dll
0x000007fefd910000 - 0x000007fefd91f000 	C:\Windows\system32\CRYPTBASE.dll
0x000007fefde60000 - 0x000007fefdef9000 	C:\Windows\system32\CLBCatQ.DLL

VM Arguments:
jvm_args: -Xss512k -XX:PermSize=32m -Xms64m -XX:NewRatio=3 -XX:MaxPermSize=128m -Xmx196m -XX:MaxDirectMemorySize=2147400000 -Dsun.java2d.noddraw=true -Dsun.awt.nopixfmt=true -Xshare:off -Xrs -Dsun.awt.disableMixing=true -Djava.library.path=C:\Program Files\MATLAB\R2011b\bin\win64 vfprintf abort 
java_command: <unknown>
Launcher Type: generic

Environment Variables:
CLASSPATH=.;C:\Program Files (x86)\Java\jre7\lib\ext\QTJava.zip
PATH=C:\Program Files\Common Files\Microsoft Shared\Windows Live;C:\Program Files (x86)\NVIDIA Corporation\PhysX\Common;C:\Program Files (x86)\MiKTeX 2.9\miktex\bin;C:\Windows\system32;C:\Windows;C:\Windows\System32\Wbem;C:\Windows\System32\WindowsPowerShell\v1.0\;C:\Program Files (x86)\Microsoft SQL Server\100\Tools\Binn\;C:\Program Files\Microsoft SQL Server\100\Tools\Binn\;C:\Program Files\Microsoft SQL Server\100\DTS\Binn\;C:\Program Files\MATLAB\R2011b\runtime\win64;C:\Program Files\MATLAB\R2011b\bin;C:\Program Files (x86)\QuickTime\QTSystem\;C:\Program Files\Common Files\Microsoft Shared\Windows Live;.;;.;
USERNAME=George
OS=Windows_NT
PROCESSOR_IDENTIFIER=Intel64 Family 6 Model 42 Stepping 7, GenuineIntel



---------------  S Y S T E M  ---------------

OS: Windows 7 Build 7601 Service Pack 1

CPU:total 4 (8 cores per cpu, 2 threads per core) family 6 model 42 stepping 7, cmov, cx8, fxsr, mmx, sse, sse2, sse3, ssse3, sse4.1, sse4.2, ht

Memory: 4k page, physical 8236912k(289148k free), swap 16471964k(5173236k free)

vm_info: Java HotSpot(TM) 64-Bit Server VM (14.3-b01) for windows-amd64 JRE (1.6.0_17-b04), built on Oct 11 2009 00:46:08 by "java_re" with MS VC++ 8.0

time: Tue Feb 11 04:57:03 2014
elapsed time: 41149 seconds

