#
# A fatal error has been detected by the Java Runtime Environment:
#
#  EXCEPTION_ACCESS_VIOLATION (0xc0000005) at pc=0x000000000d54c750, pid=23724, tid=16432
#
# JRE version: 6.0_17-b04
# Java VM: Java HotSpot(TM) 64-Bit Server VM (14.3-b01 mixed mode windows-amd64 )
# Problematic frame:
# C  0x000000000d54c750
#
# If you would like to submit a bug report, please visit:
#   http://java.sun.com/webapps/bugreport/crash.jsp
# The crash happened outside the Java Virtual Machine in native code.
# See problematic frame for where to report the bug.
#

---------------  T H R E A D  ---------------

Current thread (0x000000000f577800):  JavaThread "AWT-EventQueue-0" [_thread_in_native, id=16432, stack(0x000000000e9d0000,0x000000000ea50000)]

siginfo: ExceptionCode=0xc0000005, reading address 0x0000000000000008

Registers:
EAX=0x000000000000000d, EBX=0x000000000f5779b8, ECX=0x0000000000000000, EDX=0xffffffffb60126c4
ESP=0x000000000ea4e4a8, EBP=0x000000006347dc10, ESI=0x000000000f5779b8, EDI=0x0000000069832e80
EIP=0x000000000d54c750, EFLAGS=0x0000000000010206

Top of Stack: (sp=0x000000000ea4e4a8)
0x000000000ea4e4a8:   000000000d4f589c 0000000000000000
0x000000000ea4e4b8:   000000000f5779b8 000000006347dc10
0x000000000ea4e4c8:   000000000f5779b8 0000000000000000
0x000000000ea4e4d8:   000000000f5779b8 000000003116a4a0
0x000000000ea4e4e8:   000000000d4d3810 000000000f5779b8
0x000000000ea4e4f8:   000000000ea4eba0 000000000ea4eb78
0x000000000ea4e508:   000000006347dc10 0000000100000000
0x000000000ea4e518:   000000000d4f2151 0000000000000000
0x000000000ea4e528:   000000000ea4eb80 0000000000000000
0x000000000ea4e538:   000000000ea4eb78 000000003d98f938
0x000000000ea4e548:   000000000ea4e610 000000002d13b868
0x000000000ea4e558:   0000000029b07571 000000000ea4e541
0x000000000ea4e568:   0000000800000001 000000003d984f00
0x000000000ea4e578:   000000003623e060 000000000ea4e5d8
0x000000000ea4e588:   000000000ea4e5e0 0000000000000000
0x000000000ea4e598:   0000000000000000 000000000000074c 

Instructions: (pc=0x000000000d54c750)
0x000000000d54c740:   48 8b 41 08 48 8b 80 18 0c 00 00 c3 cc cc cc cc
0x000000000d54c750:   48 8b 49 08 48 85 c9 74 05 e9 72 f6 fd ff 33 c0 


Stack: [0x000000000e9d0000,0x000000000ea50000],  sp=0x000000000ea4e4a8,  free space=505k
Native frames: (J=compiled Java code, j=interpreted, Vv=VM code, C=native code)
C  0x000000000d54c750

Java frames: (J=compiled Java code, j=interpreted, Vv=VM code)
J  sun.java2d.windows.GDIBlitLoops.nativeBlit(Lsun/java2d/SurfaceData;Lsun/java2d/SurfaceData;Lsun/java2d/pipe/Region;IIIIIIIIIZ)V
J  sun.java2d.windows.GDIBlitLoops.Blit(Lsun/java2d/SurfaceData;Lsun/java2d/SurfaceData;Ljava/awt/Composite;Lsun/java2d/pipe/Region;IIIIII)V
j  sun.java2d.pipe.DrawImage.blitSurfaceData(Lsun/java2d/SunGraphics2D;Lsun/java2d/pipe/Region;Lsun/java2d/SurfaceData;Lsun/java2d/SurfaceData;Lsun/java2d/loops/SurfaceType;Lsun/java2d/loops/SurfaceType;IIIIIILjava/awt/Color;)V+97
j  sun.java2d.pipe.DrawImage.renderImageCopy(Lsun/java2d/SunGraphics2D;Ljava/awt/Image;Ljava/awt/Color;IIIIII)Z+75
j  sun.java2d.pipe.DrawImage.copyImage(Lsun/java2d/SunGraphics2D;Ljava/awt/Image;IIIIIILjava/awt/Color;)Z+33
j  sun.java2d.pipe.DrawImage.copyImage(Lsun/java2d/SunGraphics2D;Ljava/awt/Image;IIIIIILjava/awt/Color;Ljava/awt/image/ImageObserver;)Z+23
j  sun.java2d.pipe.ValidatePipe.copyImage(Lsun/java2d/SunGraphics2D;Ljava/awt/Image;IIIIIILjava/awt/Color;Ljava/awt/image/ImageObserver;)Z+29
j  sun.java2d.SunGraphics2D.copyImage(Ljava/awt/Image;IIIIIILjava/awt/Color;Ljava/awt/image/ImageObserver;)Z+20
j  sun.java2d.SunGraphics2D.drawImage(Ljava/awt/Image;IIIIIIIILjava/awt/Color;Ljava/awt/image/ImageObserver;)Z+154
J  java.awt.Component$BltBufferStrategy.showSubRegion(IIII)V
J  javax.swing.BufferStrategyPaintManager.endPaint()V
J  javax.swing.JComponent.paint(Ljava/awt/Graphics;)V
j  java.awt.GraphicsCallback$PaintCallback.run(Ljava/awt/Component;Ljava/awt/Graphics;)V+2
j  sun.awt.SunGraphicsCallback.runOneComponent(Ljava/awt/Component;Ljava/awt/Rectangle;Ljava/awt/Graphics;Ljava/awt/Shape;I)V+155
j  sun.awt.SunGraphicsCallback.runComponents([Ljava/awt/Component;Ljava/awt/Graphics;I)V+104
j  java.awt.Container.paint(Ljava/awt/Graphics;)V+73
J  javax.swing.RepaintManager.paintDirtyRegions(Ljava/util/Map;)V
J  javax.swing.SystemEventQueueUtilities$ComponentWorkRequest.run()V
J  java.awt.EventDispatchThread.pumpOneEventForFilters(I)Z
J  java.awt.EventDispatchThread.pumpEventsForFilter(ILjava/awt/Conditional;Ljava/awt/EventFilter;)V
j  java.awt.EventDispatchThread.pumpEventsForHierarchy(ILjava/awt/Conditional;Ljava/awt/Component;)V+11
j  java.awt.EventDispatchThread.pumpEvents(ILjava/awt/Conditional;)V+4
j  java.awt.EventDispatchThread.pumpEvents(Ljava/awt/Conditional;)V+3
j  java.awt.EventDispatchThread.run()V+9
v  ~StubRoutines::call_stub

---------------  P R O C E S S  ---------------

Java Threads: ( => current thread )
  0x000000000f442000 JavaThread "RequestQueue for GenericFileList" [_thread_blocked, id=18624, stack(0x0000000025830000,0x00000000258b0000)]
  0x000000000f4bf800 JavaThread "Code Analyzer updating thread" [_thread_blocked, id=17324, stack(0x0000000025720000,0x00000000257a0000)]
  0x000000000f4b9000 JavaThread "Code Analyzer updating thread" [_thread_blocked, id=4660, stack(0x00000000255d0000,0x0000000025650000)]
  0x000000000f4be800 JavaThread "Code Analyzer updating thread" [_thread_blocked, id=2752, stack(0x0000000027340000,0x00000000273c0000)]
  0x000000000f4bd000 JavaThread "Foxtrot Single Worker Thread #1" daemon [_thread_blocked, id=3836, stack(0x0000000027fe0000,0x0000000028060000)]
  0x000000000f4ba000 JavaThread "Code Analyzer updating thread" [_thread_blocked, id=14560, stack(0x0000000025500000,0x0000000025580000)]
  0x000000000f4bc800 JavaThread "pool-5-thread-1" [_thread_blocked, id=24572, stack(0x000000000e8d0000,0x000000000e950000)]
  0x000000000f64b000 JavaThread "Code Analyzer updating thread" [_thread_blocked, id=13732, stack(0x0000000058e50000,0x0000000058ed0000)]
  0x000000000f647000 JavaThread "Code Analyzer updating thread" [_thread_blocked, id=22736, stack(0x000000005d0e0000,0x000000005d160000)]
  0x000000000f64a000 JavaThread "Active Reference Queue Daemon" daemon [_thread_blocked, id=16876, stack(0x000000005d050000,0x000000005d0d0000)]
  0x000000000f649800 JavaThread "Timer-9" daemon [_thread_blocked, id=10856, stack(0x000000005cf30000,0x000000005cfb0000)]
  0x000000000f648800 JavaThread "Timer queue for AWT thread" daemon [_thread_blocked, id=22052, stack(0x0000000054cb0000,0x0000000054d30000)]
  0x000000000f443800 JavaThread "Timer-8" daemon [_thread_in_native, id=13752, stack(0x00000000500e0000,0x0000000050160000)]
  0x000000000f440800 JavaThread "Prefs Updater" daemon [_thread_blocked, id=22312, stack(0x0000000048b90000,0x0000000048c10000)]
  0x000000000f440000 JavaThread "Timer-1" [_thread_blocked, id=15404, stack(0x0000000050030000,0x00000000500b0000)]
  0x000000000f43d000 JavaThread "FelixPackageAdmin" daemon [_thread_blocked, id=5500, stack(0x0000000021310000,0x0000000021390000)]
  0x000000000f43c000 JavaThread "FelixStartLevel" daemon [_thread_blocked, id=16380, stack(0x0000000025410000,0x0000000025490000)]
  0x000000000f891000 JavaThread "FelixDispatchQueue" daemon [_thread_blocked, id=23680, stack(0x0000000014fc0000,0x0000000015040000)]
  0x000000000f760800 JavaThread "TimerQueue" daemon [_thread_blocked, id=4912, stack(0x000000000e840000,0x000000000e8c0000)]
=>0x000000000f577800 JavaThread "AWT-EventQueue-0" [_thread_in_native, id=16432, stack(0x000000000e9d0000,0x000000000ea50000)]
  0x000000000f577000 JavaThread "AWT-Shutdown" [_thread_blocked, id=16264, stack(0x000000000e650000,0x000000000e6d0000)]
  0x000000000f30b800 JavaThread "com.google.common.base.internal.Finalizer" daemon [_thread_blocked, id=7716, stack(0x000000000e710000,0x000000000e790000)]
  0x000000000e0e5800 JavaThread "AWT-Windows" daemon [_thread_in_native, id=14660, stack(0x000000000e4c0000,0x000000000e540000)]
  0x000000000e19f800 JavaThread "Java2D Disposer" daemon [_thread_blocked, id=15416, stack(0x000000000e360000,0x000000000e3e0000)]
  0x000000000d6f3000 JavaThread "Timer-0" [_thread_blocked, id=16692, stack(0x000000000e420000,0x000000000e4a0000)]
  0x000000000d726800 JavaThread "JMI Unnamed Thread" [_thread_in_native, id=10492, stack(0x0000000010f40000,0x0000000014f40000)]
  0x000000000d125800 JavaThread "Low Memory Detector" daemon [_thread_blocked, id=9208, stack(0x000000000d3f0000,0x000000000d470000)]
  0x000000000d120000 JavaThread "CompilerThread1" daemon [_thread_blocked, id=13708, stack(0x0000000065650000,0x0000000069650000)]
  0x000000000d113800 JavaThread "CompilerThread0" daemon [_thread_blocked, id=10756, stack(0x0000000058f20000,0x000000005cf20000)]
  0x000000000d0cf000 JavaThread "Attach Listener" daemon [_thread_blocked, id=10464, stack(0x000000000d210000,0x000000000d290000)]
  0x000000000d0bb800 JavaThread "Finalizer" daemon [_thread_blocked, id=19624, stack(0x000000000d2e0000,0x000000000d360000)]
  0x000000000d0b5800 JavaThread "Reference Handler" daemon [_thread_blocked, id=7272, stack(0x000000000d360000,0x000000000d3e0000)]
  0x0000000004e3e800 JavaThread "main" [_thread_in_native, id=4988, stack(0x0000000000060000,0x0000000004060000)]

Other Threads:
  0x000000000d0b2000 VMThread [stack: 0x0000000054dc0000,0x0000000058dc0000] [id=12300]
  0x000000000d154000 WatcherThread [stack: 0x000000006ad10000,0x000000006ed10000] [id=17264]

VM state:not at safepoint (normal execution)

VM Mutex/Monitor currently owned by a thread: None

Heap
 PSYoungGen      total 16064K, used 1235K [0x000000003d8b0000, 0x000000003e8b0000, 0x00000000409b0000)
  eden space 15744K, 5% used [0x000000003d8b0000,0x000000003d99a398,0x000000003e810000)
  from space 320K, 93% used [0x000000003e810000,0x000000003e85aa18,0x000000003e860000)
  to   space 320K, 0% used [0x000000003e860000,0x000000003e860000,0x000000003e8b0000)
 PSOldGen        total 150528K, used 134149K [0x00000000345b0000, 0x000000003d8b0000, 0x000000003d8b0000)
  object space 150528K, 89% used [0x00000000345b0000,0x000000003c8b16e8,0x000000003d8b0000)
 PSPermGen       total 118720K, used 77563K [0x000000002c5b0000, 0x00000000339a0000, 0x00000000345b0000)
  object space 118720K, 65% used [0x000000002c5b0000,0x000000003116edc8,0x00000000339a0000)

Dynamic libraries:
0x000000013fbd0000 - 0x000000013fbf9000 	C:\Program Files\MATLAB\R2011b\bin\win64\MATLAB.exe
0x00000000779d0000 - 0x0000000077b79000 	C:\Windows\SYSTEM32\ntdll.dll
0x00000000777b0000 - 0x00000000778cf000 	C:\Windows\system32\kernel32.dll
0x000007fefdb60000 - 0x000007fefdbcb000 	C:\Windows\system32\KERNELBASE.dll
0x0000000064d00000 - 0x0000000064d3f000 	C:\Program Files\AVAST Software\Avast\snxhk64.dll
0x0000000074460000 - 0x0000000074563000 	C:\Program Files\MATLAB\R2011b\bin\win64\libut.dll
0x00000000758a0000 - 0x0000000075944000 	C:\Program Files\MATLAB\R2011b\bin\win64\libmwi18n.dll
0x0000000180000000 - 0x000000018000b000 	C:\Program Files\MATLAB\R2011b\bin\win64\libmwresource_core.dll
0x000000006f470000 - 0x000000006f543000 	C:\Windows\WinSxS\amd64_microsoft.vc90.crt_1fc8b3b9a1e18e3b_9.0.30729.6161_none_08e61857a83bc251\MSVCP90.dll
0x000000006f3c0000 - 0x000000006f463000 	C:\Windows\WinSxS\amd64_microsoft.vc90.crt_1fc8b3b9a1e18e3b_9.0.30729.6161_none_08e61857a83bc251\MSVCR90.dll
0x000000007a170000 - 0x000000007a19c000 	C:\Program Files\MATLAB\R2011b\bin\win64\boost_filesystem-vc90-mt-1_44.dll
0x000000007a560000 - 0x000000007a569000 	C:\Program Files\MATLAB\R2011b\bin\win64\boost_system-vc90-mt-1_44.dll
0x000007fefea80000 - 0x000007fefeb5b000 	C:\Windows\system32\ADVAPI32.dll
0x000007fefe7c0000 - 0x000007fefe85f000 	C:\Windows\system32\msvcrt.dll
0x000007fefe750000 - 0x000007fefe76f000 	C:\Windows\SYSTEM32\sechost.dll
0x000007fefdfd0000 - 0x000007fefe0fd000 	C:\Windows\system32\RPCRT4.dll
0x000000007a010000 - 0x000000007a035000 	C:\Program Files\MATLAB\R2011b\bin\win64\LIBEXPAT.dll
0x000000006ab00000 - 0x000000006acf1000 	C:\Program Files\MATLAB\R2011b\bin\win64\icuin44.dll
0x000000006a980000 - 0x000000006aaf1000 	C:\Program Files\MATLAB\R2011b\bin\win64\icuuc44.dll
0x0000000010000000 - 0x0000000010e41000 	C:\Program Files\MATLAB\R2011b\bin\win64\icudt44.dll
0x0000000073f70000 - 0x00000000740b5000 	C:\Program Files\MATLAB\R2011b\bin\win64\libmwfl.dll
0x000000007a350000 - 0x000000007a556000 	C:\Program Files\MATLAB\R2011b\bin\win64\libmwMATLAB_res.dll
0x0000000004180000 - 0x0000000004190000 	C:\Program Files\MATLAB\R2011b\bin\win64\boost_date_time-vc90-mt-1_44.dll
0x000000007a250000 - 0x000000007a263000 	C:\Program Files\MATLAB\R2011b\bin\win64\boost_signals-vc90-mt-1_44.dll
0x000000007a2d0000 - 0x000000007a2e2000 	C:\Program Files\MATLAB\R2011b\bin\win64\boost_thread-vc90-mt-1_44.dll
0x00000000042e0000 - 0x0000000004326000 	C:\Program Files\MATLAB\R2011b\bin\win64\tbb.dll
0x000007fefe860000 - 0x000007fefe879000 	C:\Windows\system32\imagehlp.dll
0x0000000077b90000 - 0x0000000077b97000 	C:\Windows\system32\PSAPI.DLL
0x0000000073e10000 - 0x0000000073e23000 	C:\Program Files\MATLAB\R2011b\bin\win64\icuio44.dll
0x000007fef8d10000 - 0x000007fef8e35000 	C:\Windows\system32\dbghelp.dll
0x00000000778d0000 - 0x00000000779ca000 	C:\Windows\system32\USER32.dll
0x000007fefea10000 - 0x000007fefea77000 	C:\Windows\system32\GDI32.dll
0x000007fefe920000 - 0x000007fefe92e000 	C:\Windows\system32\LPK.dll
0x000007fefdbe0000 - 0x000007fefdca9000 	C:\Windows\system32\USP10.dll
0x000000007bed0000 - 0x000000007c148000 	C:\Program Files\MATLAB\R2011b\bin\win64\libmwservices.dll
0x0000000075a20000 - 0x0000000075ad5000 	C:\Program Files\MATLAB\R2011b\bin\win64\libmx.dll
0x000000007a210000 - 0x000000007a228000 	C:\Program Files\MATLAB\R2011b\bin\win64\zlib1.dll
0x0000000074330000 - 0x0000000074453000 	C:\Program Files\MATLAB\R2011b\bin\win64\libmwmathutil.dll
0x0000000075f10000 - 0x0000000075f5d000 	C:\Program Files\MATLAB\R2011b\bin\win64\mpath.dll
0x000000007b680000 - 0x000000007bb4d000 	C:\Program Files\MATLAB\R2011b\bin\win64\mlutil.dll
0x000000006f2b0000 - 0x000000006f32f000 	C:\Program Files\MATLAB\R2011b\bin\win64\xmlcore.dll
0x000000007bc30000 - 0x000000007be83000 	C:\Program Files\MATLAB\R2011b\bin\win64\xerces-c_2_7.dll
0x000007fefe770000 - 0x000007fefe7bd000 	C:\Windows\system32\WS2_32.dll
0x000007fefde70000 - 0x000007fefde78000 	C:\Windows\system32\NSI.dll
0x00000000043b0000 - 0x00000000043c6000 	C:\Program Files\MATLAB\R2011b\bin\win64\libmwsettings_res.dll
0x00000000043e0000 - 0x0000000004427000 	C:\Program Files\MATLAB\R2011b\bin\win64\boost_serialization-vc90-mt-1_44.dll
0x000007fefeb60000 - 0x000007feff8e8000 	C:\Windows\system32\SHELL32.dll
0x000007fefe210000 - 0x000007fefe281000 	C:\Windows\system32\SHLWAPI.dll
0x000007fefa1e0000 - 0x000007fefa280000 	C:\Windows\WinSxS\amd64_microsoft.windows.common-controls_6595b64144ccf1df_5.82.7601.17514_none_a4d6a923711520a9\COMCTL32.dll
0x000007fefe880000 - 0x000007fefe917000 	C:\Windows\system32\COMDLG32.dll
0x000007fefb6a0000 - 0x000007fefb6b6000 	C:\Windows\system32\NETAPI32.dll
0x000007fefb690000 - 0x000007fefb69c000 	C:\Windows\system32\netutils.dll
0x000007fefd240000 - 0x000007fefd263000 	C:\Windows\system32\srvcli.dll
0x000007fefb670000 - 0x000007fefb685000 	C:\Windows\system32\wkscli.dll
0x000007feffad0000 - 0x000007feffcd3000 	C:\Windows\system32\ole32.dll
0x000007fefe930000 - 0x000007fefea07000 	C:\Windows\system32\OLEAUT32.dll
0x0000000074970000 - 0x0000000074a41000 	C:\Program Files\MATLAB\R2011b\bin\win64\mcr.dll
0x0000000075000000 - 0x0000000075324000 	C:\Program Files\MATLAB\R2011b\bin\win64\iqm.dll
0x00000000605e0000 - 0x0000000060db0000 	C:\Program Files\MATLAB\R2011b\bin\win64\m_interpreter.dll
0x0000000073df0000 - 0x0000000073e05000 	C:\Program Files\MATLAB\R2011b\bin\win64\libmex.dll
0x000000006a8d0000 - 0x000000006a97e000 	C:\Program Files\MATLAB\R2011b\bin\win64\m_dispatcher.dll
0x0000000074880000 - 0x000000007496d000 	C:\Program Files\MATLAB\R2011b\bin\win64\boost_regex-vc90-mt-1_44.dll
0x0000000064f90000 - 0x0000000065014000 	C:\Program Files\MATLAB\R2011b\bin\win64\profiler.dll
0x0000000079f40000 - 0x0000000079f73000 	C:\Program Files\MATLAB\R2011b\bin\win64\libmwmathrng.dll
0x0000000074c10000 - 0x0000000074cea000 	C:\Program Files\MATLAB\R2011b\bin\win64\libmwmathcore.dll
0x0000000076160000 - 0x00000000761cb000 	C:\Program Files\MATLAB\R2011b\bin\win64\libmwspmatrix.dll
0x0000000075ea0000 - 0x0000000075f02000 	C:\Program Files\MATLAB\R2011b\bin\win64\libmwcholmod.dll
0x00000000044f0000 - 0x00000000044fd000 	C:\Program Files\MATLAB\R2011b\bin\win64\libmwamd.dll
0x0000000004510000 - 0x000000000451c000 	C:\Program Files\MATLAB\R2011b\bin\win64\libmwcolamd.dll
0x00000000737a0000 - 0x00000000737b9000 	C:\Program Files\MATLAB\R2011b\bin\win64\libmwblas.dll
0x00000000733a0000 - 0x00000000733b2000 	C:\Program Files\MATLAB\R2011b\bin\win64\libmwbinder.dll
0x0000000073d50000 - 0x0000000073d5b000 	C:\Program Files\MATLAB\R2011b\bin\win64\libmwompwrapper.dll
0x0000000064f00000 - 0x0000000064f82000 	C:\Program Files\MATLAB\R2011b\bin\win64\libmwlapack.dll
0x0000000070550000 - 0x0000000070571000 	C:\Program Files\MATLAB\R2011b\bin\win64\m_pcodeio.dll
0x0000000079b10000 - 0x0000000079b77000 	C:\Program Files\MATLAB\R2011b\bin\win64\m_ir.dll
0x000000005dd40000 - 0x000000005e380000 	C:\Program Files\MATLAB\R2011b\bin\win64\m_parser.dll
0x000000006f290000 - 0x000000006f2aa000 	C:\Program Files\MATLAB\R2011b\bin\win64\ir_xfmr.dll
0x0000000061800000 - 0x0000000061a85000 	C:\Program Files\MATLAB\R2011b\bin\win64\mcos.dll
0x0000000073ca0000 - 0x0000000073cac000 	C:\Program Files\MATLAB\R2011b\bin\win64\mtok.dll
0x000000006f250000 - 0x000000006f281000 	C:\Program Files\MATLAB\R2011b\bin\win64\m_pcodegen.dll
0x0000000079fb0000 - 0x0000000079fe5000 	C:\Program Files\MATLAB\R2011b\bin\win64\libmwbridge.dll
0x0000000064e30000 - 0x0000000064ef8000 	C:\Program Files\MATLAB\R2011b\bin\win64\udd.dll
0x00000000616b0000 - 0x00000000617f7000 	C:\Program Files\MATLAB\R2011b\bin\win64\libmwgui.dll
0x000000006f1b0000 - 0x000000006f1c7000 	C:\Program Files\MATLAB\R2011b\bin\win64\graphics_util.dll
0x0000000050170000 - 0x0000000050b20000 	C:\Program Files\MATLAB\R2011b\bin\win64\hg.dll
0x0000000076100000 - 0x0000000076158000 	C:\Program Files\MATLAB\R2011b\bin\win64\libmat.dll
0x0000000072d30000 - 0x0000000072f44000 	C:\Program Files\MATLAB\R2011b\bin\win64\hdf5dll.dll
0x0000000075710000 - 0x000000007579d000 	C:\Program Files\MATLAB\R2011b\bin\win64\jmi.dll
0x0000000004660000 - 0x000000000466e000 	C:\Program Files\MATLAB\R2011b\bin\win64\nativejava_services.dll
0x0000000065480000 - 0x00000000654c3000 	C:\Program Files\MATLAB\R2011b\bin\win64\libmwhardcopy.dll
0x0000000064dc0000 - 0x0000000064e23000 	C:\Program Files\MATLAB\R2011b\bin\win64\libuij.dll
0x00000000603d0000 - 0x00000000605d7000 	C:\Program Files\MATLAB\R2011b\bin\win64\hgdatatypes.dll
0x00000000602d0000 - 0x00000000603c9000 	C:\Program Files\MATLAB\R2011b\bin\win64\hgutils.dll
0x0000000064460000 - 0x000000006451d000 	C:\Program Files\MATLAB\R2011b\bin\win64\udd_mi.dll
0x00000000046d0000 - 0x0000000004999000 	C:\Program Files\MATLAB\R2011b\bin\win64\uiw.dll
0x0000000073ac0000 - 0x0000000073acf000 	C:\Program Files\MATLAB\R2011b\bin\win64\uinone.dll
0x000007fef8610000 - 0x000007fef8628000 	C:\Windows\system32\MPR.dll
0x000000005d850000 - 0x000000005dd34000 	C:\Windows\WinSxS\amd64_microsoft.vc90.mfc_1fc8b3b9a1e18e3b_9.0.30729.6161_none_044aad0bab1eb146\mfc90.dll
0x000007fefa9b0000 - 0x000007fefa9b7000 	C:\Windows\system32\MSIMG32.dll
0x000007fefa120000 - 0x000007fefa191000 	C:\Windows\system32\WINSPOOL.DRV
0x000000006a8a0000 - 0x000000006a8c1000 	C:\Program Files\MATLAB\R2011b\bin\win64\mwoles05.DLL
0x0000000061630000 - 0x00000000616a5000 	C:\Program Files\MATLAB\R2011b\bin\win64\comcli.dll
0x0000000064b50000 - 0x0000000064b7f000 	C:\Windows\WinSxS\amd64_microsoft.vc90.atl_1fc8b3b9a1e18e3b_9.0.30729.6161_none_0a1fd3a3a768b895\ATL90.DLL
0x0000000073790000 - 0x000000007379c000 	C:\Program Files\MATLAB\R2011b\bin\win64\mlautoregister.dll
0x00000000049f0000 - 0x0000000004a00000 	C:\Program Files\MATLAB\R2011b\bin\win64\boost_iostreams-vc90-mt-1_44.dll
0x000007fefde80000 - 0x000007fefdeae000 	C:\Windows\system32\IMM32.DLL
0x000007fefe100000 - 0x000007fefe209000 	C:\Windows\system32\MSCTF.dll
0x000007fefd6c0000 - 0x000007fefd706000 	C:\Windows\system32\nvinitx.dll
0x000000000f000000 - 0x000000000f006000 	C:\Program Files\NVIDIA Corporation\CoProcManager\_etoured.dll
0x000007fefa9e0000 - 0x000007fefaa35000 	C:\Program Files\NVIDIA Corporation\CoProcManager\nvd3d9wrapx.dll
0x000007feff8f0000 - 0x000007feffac7000 	C:\Windows\system32\SETUPAPI.dll
0x000007fefda80000 - 0x000007fefdab6000 	C:\Windows\system32\CFGMGR32.dll
0x000007fefd860000 - 0x000007fefd87a000 	C:\Windows\system32\DEVOBJ.dll
0x000007fefa8c0000 - 0x000007fefa8fd000 	C:\Program Files\NVIDIA Corporation\CoProcManager\nvdxgiwrapx.dll
0x000007fefbef0000 - 0x000007fefbf46000 	C:\Windows\system32\UxTheme.dll
0x000007fefb9c0000 - 0x000007fefb9d8000 	C:\Windows\system32\dwmapi.dll
0x00000000734e0000 - 0x00000000734ed000 	C:\Windows\WinSxS\amd64_microsoft.vc90.mfcloc_1fc8b3b9a1e18e3b_9.0.30729.6161_none_01c9581e60cbee58\MFC90ENU.DLL
0x0000000004cc0000 - 0x0000000004ce9000 	C:\Program Files\MATLAB\R2011b\bin\win64\tbbmalloc.dll
0x000007fef2ea0000 - 0x000007fef2ec8000 	C:\Program Files (x86)\Common Files\Spigot\Search Settings\wthx178.dll
0x000007fefd710000 - 0x000007fefd71f000 	C:\Windows\system32\profapi.dll
0x000007fefb110000 - 0x000007fefb137000 	C:\Windows\system32\iphlpapi.dll
0x000007fefb040000 - 0x000007fefb04b000 	C:\Windows\system32\WINNSI.DLL
0x000007fefce40000 - 0x000007fefce9b000 	C:\Windows\system32\DNSAPI.dll
0x000007fefa420000 - 0x000007fefa438000 	C:\Windows\system32\dhcpcsvc.DLL
0x000007fefa340000 - 0x000007fefa351000 	C:\Windows\system32\dhcpcsvc6.DLL
0x0000000073310000 - 0x0000000073313000 	C:\Windows\system32\icmp.Dll
0x000007fefd690000 - 0x000007fefd69f000 	C:\Windows\system32\CRYPTBASE.dll
0x0000000004fb0000 - 0x0000000004ff4000 	C:\Program Files\Acer\Acer PowerSmart Manager\SysHook.dll

VM Arguments:
jvm_args: -Xss512k -XX:PermSize=32m -Xms64m -XX:NewRatio=3 -XX:MaxPermSize=128m -Xmx196m -XX:MaxDirectMemorySize=2147400000 -Dsun.java2d.noddraw=true -Dsun.awt.nopixfmt=true -Xshare:off -Xrs -Dsun.awt.disableMixing=true -Djava.library.path=C:\Program Files\MATLAB\R2011b\bin\win64 vfprintf abort 
java_command: <unknown>
Launcher Type: generic

Environment Variables:
CLASSPATH=.;C:\Program Files (x86)\Java\jre7\lib\ext\QTJava.zip
PATH=C:\Program Files\Common Files\Microsoft Shared\Windows Live;C:\Program Files (x86)\NVIDIA Corporation\PhysX\Common;C:\Program Files (x86)\MiKTeX 2.9\miktex\bin;C:\Windows\system32;C:\Windows;C:\Windows\System32\Wbem;C:\Windows\System32\WindowsPowerShell\v1.0\;C:\Program Files (x86)\Microsoft SQL Server\100\Tools\Binn\;C:\Program Files\Microsoft SQL Server\100\Tools\Binn\;C:\Program Files\Microsoft SQL Server\100\DTS\Binn\;C:\Program Files\MATLAB\R2011b\runtime\win64;C:\Program Files\MATLAB\R2011b\bin;C:\Program Files (x86)\QuickTime\QTSystem\;C:\Program Files\Common Files\Microsoft Shared\Windows Live;.;;.;
USERNAME=George
OS=Windows_NT
PROCESSOR_IDENTIFIER=Intel64 Family 6 Model 42 Stepping 7, GenuineIntel



---------------  S Y S T E M  ---------------

OS: Windows 7 Build 7601 Service Pack 1

CPU:total 4 (8 cores per cpu, 2 threads per core) family 6 model 42 stepping 7, cmov, cx8, fxsr, mmx, sse, sse2, sse3, ssse3, sse4.1, sse4.2, ht

Memory: 4k page, physical 8236912k(3455152k free), swap 16471964k(9347200k free)

vm_info: Java HotSpot(TM) 64-Bit Server VM (14.3-b01) for windows-amd64 JRE (1.6.0_17-b04), built on Oct 11 2009 00:46:08 by "java_re" with MS VC++ 8.0

time: Fri Mar 07 03:35:58 2014
elapsed time: 34784 seconds

